################ Graph info: ###############
Graph(num_nodes=3655452, num_edges=32824102,
      ndata_schemes={}
      edata_schemes={})
################ Label info: ################
Total labels (including not labeled): 3655452
               Training label number: 835523
             Validation label number: 208894
                   Test label number: 592391
################ Feature info: ###############
Node's feature shape:torch.Size([3655452, 300])
Walk's feature shape:torch.Size([3655452, 128])
Edge's feature shape:torch.Size([3655452, 2])
2021-12-14 01:28:08,451 - INFO: Model = DouUniCMP(
  (InUniCMP): UniCMP(
    (graphsage): ModuleList(
      (0): GraphSageLayer(
        (graph): SAGEConv(
          (feat_drop): Dropout(p=0.0, inplace=False)
          (lstm): LSTM(300, 300, batch_first=True)
          (fc_self): Linear(in_features=300, out_features=512, bias=False)
          (fc_neigh): Linear(in_features=300, out_features=512, bias=False)
        )
        (norm): LayerNorm()
        (dropout): Dropout(p=0.0, inplace=False)
      )
      (1): GraphSageLayer(
        (graph): SAGEConv(
          (feat_drop): Dropout(p=0.0, inplace=False)
          (lstm): LSTM(512, 512, batch_first=True)
          (fc_self): Linear(in_features=512, out_features=512, bias=False)
          (fc_neigh): Linear(in_features=512, out_features=512, bias=False)
        )
        (norm): LayerNorm()
        (dropout): Dropout(p=0.0, inplace=False)
      )
    )
    (graphattn): ModuleList(
      (0): GraphAttnLayer(
        (graph): GATConv(
          (fc): Linear(in_features=300, out_features=512, bias=False)
          (feat_drop): Dropout(p=0.0, inplace=False)
          (attn_drop): Dropout(p=0, inplace=False)
          (leaky_relu): LeakyReLU(negative_slope=0.2)
        )
        (norm): LayerNorm()
        (dropout): Dropout(p=0.0, inplace=False)
      )
      (1): GraphAttnLayer(
        (graph): GATConv(
          (fc): Linear(in_features=512, out_features=512, bias=False)
          (feat_drop): Dropout(p=0.0, inplace=False)
          (attn_drop): Dropout(p=0, inplace=False)
          (leaky_relu): LeakyReLU(negative_slope=0.2)
        )
        (norm): LayerNorm()
        (dropout): Dropout(p=0.0, inplace=False)
      )
    )
    (graphskip): ModuleList(
      (0): ShortCutLayer(
        (graph): Linear(in_features=300, out_features=512, bias=True)
        (norm): LayerNorm()
        (dropout): Dropout(p=0.0, inplace=False)
      )
      (1): ShortCutLayer(
        (graph): Linear(in_features=300, out_features=512, bias=True)
        (norm): LayerNorm()
        (dropout): Dropout(p=0.0, inplace=False)
      )
      (2): ShortCutLayer(
        (graph): Linear(in_features=512, out_features=512, bias=True)
        (norm): LayerNorm()
        (dropout): Dropout(p=0.0, inplace=False)
      )
    )
    (attn_layers): ModuleList(
      (0): MultiHeadedAttention(
        (query): Linear(in_features=512, out_features=512, bias=True)
        (key): Linear(in_features=512, out_features=512, bias=True)
        (value): Linear(in_features=512, out_features=512, bias=True)
        (dropout): Dropout(p=0.0, inplace=False)
        (softmax): Softmax(dim=-1)
      )
      (1): MultiHeadedAttention(
        (query): Linear(in_features=512, out_features=512, bias=True)
        (key): Linear(in_features=512, out_features=512, bias=True)
        (value): Linear(in_features=512, out_features=512, bias=True)
        (dropout): Dropout(p=0.0, inplace=False)
        (softmax): Softmax(dim=-1)
      )
    )
    (norm_layers): ModuleList(
      (0): LayerNorm()
      (1): LayerNorm()
    )
    (label_embed): Embedding(24, 300, padding_idx=23)
    (feat_mlp): Sequential(
      (0): Linear(in_features=730, out_features=512, bias=True)
      (1): LayerNorm()
      (2): ReLU()
      (3): Dropout(p=0.2, inplace=False)
      (4): Linear(in_features=512, out_features=300, bias=True)
    )
    (label_dropout): Dropout(p=0.1, inplace=False)
    (feat_dropout): Dropout(p=0.05, inplace=False)
    (dropout): Dropout(p=0.2, inplace=False)
  )
  (OutUniCMP): UniCMP(
    (graphsage): ModuleList(
      (0): GraphSageLayer(
        (graph): SAGEConv(
          (feat_drop): Dropout(p=0.0, inplace=False)
          (lstm): LSTM(300, 300, batch_first=True)
          (fc_self): Linear(in_features=300, out_features=512, bias=False)
          (fc_neigh): Linear(in_features=300, out_features=512, bias=False)
        )
        (norm): LayerNorm()
        (dropout): Dropout(p=0.0, inplace=False)
      )
      (1): GraphSageLayer(
        (graph): SAGEConv(
          (feat_drop): Dropout(p=0.0, inplace=False)
          (lstm): LSTM(512, 512, batch_first=True)
          (fc_self): Linear(in_features=512, out_features=512, bias=False)
          (fc_neigh): Linear(in_features=512, out_features=512, bias=False)
        )
        (norm): LayerNorm()
        (dropout): Dropout(p=0.0, inplace=False)
      )
    )
    (graphattn): ModuleList(
      (0): GraphAttnLayer(
        (graph): GATConv(
          (fc): Linear(in_features=300, out_features=512, bias=False)
          (feat_drop): Dropout(p=0.0, inplace=False)
          (attn_drop): Dropout(p=0, inplace=False)
          (leaky_relu): LeakyReLU(negative_slope=0.2)
        )
        (norm): LayerNorm()
        (dropout): Dropout(p=0.0, inplace=False)
      )
      (1): GraphAttnLayer(
        (graph): GATConv(
          (fc): Linear(in_features=512, out_features=512, bias=False)
          (feat_drop): Dropout(p=0.0, inplace=False)
          (attn_drop): Dropout(p=0, inplace=False)
          (leaky_relu): LeakyReLU(negative_slope=0.2)
        )
        (norm): LayerNorm()
        (dropout): Dropout(p=0.0, inplace=False)
      )
    )
    (graphskip): ModuleList(
      (0): ShortCutLayer(
        (graph): Linear(in_features=300, out_features=512, bias=True)
        (norm): LayerNorm()
        (dropout): Dropout(p=0.0, inplace=False)
      )
      (1): ShortCutLayer(
        (graph): Linear(in_features=300, out_features=512, bias=True)
        (norm): LayerNorm()
        (dropout): Dropout(p=0.0, inplace=False)
      )
      (2): ShortCutLayer(
        (graph): Linear(in_features=512, out_features=512, bias=True)
        (norm): LayerNorm()
        (dropout): Dropout(p=0.0, inplace=False)
      )
    )
    (attn_layers): ModuleList(
      (0): MultiHeadedAttention(
        (query): Linear(in_features=512, out_features=512, bias=True)
        (key): Linear(in_features=512, out_features=512, bias=True)
        (value): Linear(in_features=512, out_features=512, bias=True)
        (dropout): Dropout(p=0.0, inplace=False)
        (softmax): Softmax(dim=-1)
      )
      (1): MultiHeadedAttention(
        (query): Linear(in_features=512, out_features=512, bias=True)
        (key): Linear(in_features=512, out_features=512, bias=True)
        (value): Linear(in_features=512, out_features=512, bias=True)
        (dropout): Dropout(p=0.0, inplace=False)
        (softmax): Softmax(dim=-1)
      )
    )
    (norm_layers): ModuleList(
      (0): LayerNorm()
      (1): LayerNorm()
    )
    (label_embed): Embedding(24, 300, padding_idx=23)
    (feat_mlp): Sequential(
      (0): Linear(in_features=730, out_features=512, bias=True)
      (1): LayerNorm()
      (2): ReLU()
      (3): Dropout(p=0.2, inplace=False)
      (4): Linear(in_features=512, out_features=300, bias=True)
    )
    (label_dropout): Dropout(p=0.1, inplace=False)
    (feat_dropout): Dropout(p=0.05, inplace=False)
    (dropout): Dropout(p=0.2, inplace=False)
  )
  (head): Sequential(
    (0): Linear(in_features=1024, out_features=512, bias=True)
    (1): LayerNorm()
    (2): ReLU()
    (3): Dropout(p=0.2, inplace=False)
    (4): Linear(in_features=512, out_features=23, bias=True)
  )
)
2021-12-14 01:28:08,452 - INFO: Model config = {'GNN_MODEL': 'unicmp', 'INPUT_SIZE': 300, 'NUM_LAYERS': 2, 'NUM_HEADS': 8, 'HIDDEN_SIZE': 512, 'NUM_CLASS': 23, 'LABEL_DROP': 0.1, 'FEAT_DORP': 0.05, 'GRAPH_DORP': 0.0, 'ATTN_DROP': 0.0, 'DROP': 0.2, 'USE_SAGE': True, 'USE_CONV': False, 'USE_ATTN': True, 'USE_RESNET': True, 'USE_DESNET': True, 'CHECKPOINT': ''}
2021-12-14 01:28:08,452 - INFO: Dataset config = {'SEED': 2021, 'DATA_PATH': '../dataset', 'DEEPWALK_PATH': 'czw_deep_walk2.npy', 'K_FOLD': 4, 'EPOCHS': 50, 'BATCH_SIZE': 2048, 'BIDIRECTED': False, 'LOG_STEP': 200, 'FANOUTS': [30, 30], 'IN_FANOUTS': [30, 30], 'OUT_FANOUTS': [50, 50], 'NUM_CLASS': 23, 'REPLACE_LABEL': 0.04, 'MASK_LABEL': 0.16, 'EDGE_DROP': 0.2, 'NUM_WORKERS': 2, 'GRADIENT_ACCUMULATION_STEPS': 1, 'NORM_FEATURE': False, 'OUT_PATH': '../dgl_model/dunicmp/unicmp_split4', 'MODEL_PREFIX': 'unicmp_split2', 'TEST_PREFIX': 'unicmp_split2'}
2021-12-14 01:28:08,452 - INFO: Optimizer config = {'LEARNING_RATE': 0.0005, 'COEF_LR': 1.0, 'SCHEDULE': 'warmup_linear', 'WEIGHT_DECAY': 0.0001, 'WARMUP_PROPORTION': 0.1}
2021-12-14 01:28:08,452 - INFO: Criterion config = {'LOSS_TYPE': 'CL', 'NUM_CLASS': 23, 'GAMMA_NEG': 4, 'GAMMA_POS': 1, 'SMOOTHING': 0.1}
2021-12-14 01:28:08,453 - INFO: Training parameters = 14072431
2021-12-14 01:28:08,453 - INFO: Model parameters = 14072431
2021-12-14 01:28:08,453 - INFO: Num steps = 20400
2021-12-14 01:34:29,464 - INFO:   Epoch: 1/50, Step: 200/408, Lr: 0.000049, Loss: 1.537457, Acc: 0.548828, Time/step: 1.898989
2021-12-14 01:40:48,190 - INFO:   Epoch: 1/50, Step: 400/408, Lr: 0.000098, Loss: 1.437171, Acc: 0.568359, Time/step: 1.893570
2021-12-14 01:41:02,704 - INFO: Train Epoch 1/50 Finished | Train Loss: 1.682930 | Train Acc: 0.507173
2021-12-14 01:43:27,309 - INFO: Val Epoch 1/50 Finished | Val Loss: 1.413255 | Val Acc: 0.587293
2021-12-14 01:49:37,745 - INFO:   Epoch: 2/50, Step: 192/408, Lr: 0.000147, Loss: 1.282789, Acc: 0.608398, Time/step: 1.838665
2021-12-14 01:55:32,728 - INFO:   Epoch: 2/50, Step: 392/408, Lr: 0.000196, Loss: 1.356123, Acc: 0.578613, Time/step: 1.774915
2021-12-14 01:56:00,324 - INFO: Train Epoch 2/50 Finished | Train Loss: 1.374441 | Train Acc: 0.578097
2021-12-14 01:58:09,722 - INFO: Val Epoch 2/50 Finished | Val Loss: 1.379791 | Val Acc: 0.593239
2021-12-14 02:04:17,352 - INFO:   Epoch: 3/50, Step: 184/408, Lr: 0.000245, Loss: 1.339157, Acc: 0.585938, Time/step: 1.827509
2021-12-14 02:10:35,077 - INFO:   Epoch: 3/50, Step: 384/408, Lr: 0.000294, Loss: 1.342882, Acc: 0.587402, Time/step: 1.888621
2021-12-14 02:11:21,541 - INFO: Train Epoch 3/50 Finished | Train Loss: 1.320593 | Train Acc: 0.591219
2021-12-14 02:13:46,993 - INFO: Val Epoch 3/50 Finished | Val Loss: 1.339237 | Val Acc: 0.599897
2021-12-14 02:19:10,747 - INFO:   Epoch: 4/50, Step: 176/408, Lr: 0.000343, Loss: 1.274620, Acc: 0.605469, Time/step: 1.609941
2021-12-14 02:25:33,300 - INFO:   Epoch: 4/50, Step: 376/408, Lr: 0.000392, Loss: 1.334397, Acc: 0.589355, Time/step: 1.912760
2021-12-14 02:26:43,285 - INFO: Train Epoch 4/50 Finished | Train Loss: 1.287793 | Train Acc: 0.599222
2021-12-14 02:29:02,609 - INFO: Val Epoch 4/50 Finished | Val Loss: 1.329317 | Val Acc: 0.603186
2021-12-14 02:34:23,010 - INFO:   Epoch: 5/50, Step: 168/408, Lr: 0.000441, Loss: 1.243615, Acc: 0.624023, Time/step: 1.594038
2021-12-14 02:40:14,680 - INFO:   Epoch: 5/50, Step: 368/408, Lr: 0.000490, Loss: 1.265545, Acc: 0.615234, Time/step: 1.758350
2021-12-14 02:41:26,563 - INFO: Train Epoch 5/50 Finished | Train Loss: 1.265922 | Train Acc: 0.604536
2021-12-14 02:44:26,073 - INFO: Val Epoch 5/50 Finished | Val Loss: 1.316981 | Val Acc: 0.604460
2021-12-14 02:49:37,691 - INFO:   Epoch: 6/50, Step: 160/408, Lr: 0.000496, Loss: 1.223920, Acc: 0.606934, Time/step: 1.546934
2021-12-14 02:55:51,658 - INFO:   Epoch: 6/50, Step: 360/408, Lr: 0.000490, Loss: 1.204581, Acc: 0.617676, Time/step: 1.869830
2021-12-14 02:57:18,527 - INFO: Train Epoch 6/50 Finished | Train Loss: 1.245839 | Train Acc: 0.609642
2021-12-14 02:59:31,350 - INFO: Val Epoch 6/50 Finished | Val Loss: 1.322422 | Val Acc: 0.602713
2021-12-14 03:04:13,320 - INFO:   Epoch: 7/50, Step: 152/408, Lr: 0.000485, Loss: 1.230314, Acc: 0.616211, Time/step: 1.397532
2021-12-14 03:10:50,332 - INFO:   Epoch: 7/50, Step: 352/408, Lr: 0.000479, Loss: 1.286334, Acc: 0.598633, Time/step: 1.985056
2021-12-14 03:12:39,814 - INFO: Train Epoch 7/50 Finished | Train Loss: 1.224864 | Train Acc: 0.614307
2021-12-14 03:15:18,425 - INFO: Val Epoch 7/50 Finished | Val Loss: 1.308004 | Val Acc: 0.606504
2021-12-14 03:20:02,176 - INFO:   Epoch: 8/50, Step: 144/408, Lr: 0.000474, Loss: 1.224235, Acc: 0.621582, Time/step: 1.406094
2021-12-14 03:26:19,774 - INFO:   Epoch: 8/50, Step: 344/408, Lr: 0.000468, Loss: 1.253525, Acc: 0.609863, Time/step: 1.887988
2021-12-14 03:28:24,335 - INFO: Train Epoch 8/50 Finished | Train Loss: 1.207312 | Train Acc: 0.618200
2021-12-14 03:30:51,805 - INFO: Val Epoch 8/50 Finished | Val Loss: 1.309898 | Val Acc: 0.606432
2021-12-14 03:35:16,614 - INFO:   Epoch: 9/50, Step: 136/408, Lr: 0.000463, Loss: 1.167555, Acc: 0.623535, Time/step: 1.310607
2021-12-14 03:41:03,424 - INFO:   Epoch: 9/50, Step: 336/408, Lr: 0.000458, Loss: 1.202684, Acc: 0.618164, Time/step: 1.734048
2021-12-14 03:42:43,714 - INFO: Train Epoch 9/50 Finished | Train Loss: 1.193171 | Train Acc: 0.622131
2021-12-14 03:44:22,484 - INFO: Val Epoch 9/50 Finished | Val Loss: 1.311165 | Val Acc: 0.608845
2021-12-14 03:47:37,961 - INFO:   Epoch: 10/50, Step: 128/408, Lr: 0.000452, Loss: 1.138467, Acc: 0.638184, Time/step: 0.969847
2021-12-14 03:52:11,205 - INFO:   Epoch: 10/50, Step: 328/408, Lr: 0.000447, Loss: 1.144934, Acc: 0.628906, Time/step: 1.366217
2021-12-14 03:54:07,565 - INFO: Train Epoch 10/50 Finished | Train Loss: 1.177324 | Train Acc: 0.625596
2021-12-14 03:56:00,954 - INFO: Val Epoch 10/50 Finished | Val Loss: 1.321707 | Val Acc: 0.606575
2021-12-14 03:58:58,662 - INFO:   Epoch: 11/50, Step: 120/408, Lr: 0.000441, Loss: 1.196928, Acc: 0.623047, Time/step: 0.881625
2021-12-14 04:03:40,645 - INFO:   Epoch: 11/50, Step: 320/408, Lr: 0.000436, Loss: 1.129677, Acc: 0.635254, Time/step: 1.409914
2021-12-14 04:05:52,408 - INFO: Train Epoch 11/50 Finished | Train Loss: 1.164236 | Train Acc: 0.628239
2021-12-14 04:07:25,778 - INFO: Val Epoch 11/50 Finished | Val Loss: 1.303539 | Val Acc: 0.609989
2021-12-14 04:10:06,724 - INFO:   Epoch: 12/50, Step: 112/408, Lr: 0.000430, Loss: 1.189376, Acc: 0.612793, Time/step: 0.796443
2021-12-14 04:14:57,916 - INFO:   Epoch: 12/50, Step: 312/408, Lr: 0.000425, Loss: 1.097785, Acc: 0.649414, Time/step: 1.455961
2021-12-14 04:17:13,380 - INFO: Train Epoch 12/50 Finished | Train Loss: 1.151722 | Train Acc: 0.631263
2021-12-14 04:18:52,407 - INFO: Val Epoch 12/50 Finished | Val Loss: 1.308162 | Val Acc: 0.610223
2021-12-14 04:21:24,735 - INFO:   Epoch: 13/50, Step: 104/408, Lr: 0.000419, Loss: 1.176061, Acc: 0.625000, Time/step: 0.753371
2021-12-14 04:26:16,465 - INFO:   Epoch: 13/50, Step: 304/408, Lr: 0.000414, Loss: 1.105240, Acc: 0.645996, Time/step: 1.458652
2021-12-14 04:28:41,438 - INFO: Train Epoch 13/50 Finished | Train Loss: 1.138614 | Train Acc: 0.634560
2021-12-14 04:30:16,900 - INFO: Val Epoch 13/50 Finished | Val Loss: 1.311841 | Val Acc: 0.609122
2021-12-14 04:32:43,303 - INFO:   Epoch: 14/50, Step: 96/408, Lr: 0.000408, Loss: 1.129235, Acc: 0.637207, Time/step: 0.724751
2021-12-14 04:37:25,509 - INFO:   Epoch: 14/50, Step: 296/408, Lr: 0.000403, Loss: 1.096367, Acc: 0.641602, Time/step: 1.411028
2021-12-14 04:40:07,046 - INFO: Train Epoch 14/50 Finished | Train Loss: 1.124544 | Train Acc: 0.637760
2021-12-14 04:41:52,646 - INFO: Val Epoch 14/50 Finished | Val Loss: 1.302454 | Val Acc: 0.611621
2021-12-14 04:44:03,681 - INFO:   Epoch: 15/50, Step: 88/408, Lr: 0.000398, Loss: 1.081527, Acc: 0.665039, Time/step: 0.646079
2021-12-14 04:48:43,412 - INFO:   Epoch: 15/50, Step: 288/408, Lr: 0.000392, Loss: 1.084190, Acc: 0.645996, Time/step: 1.398651
2021-12-14 04:51:42,607 - INFO: Train Epoch 15/50 Finished | Train Loss: 1.110986 | Train Acc: 0.640975
2021-12-14 04:53:18,808 - INFO: Val Epoch 15/50 Finished | Val Loss: 1.311039 | Val Acc: 0.610286
2021-12-14 04:55:15,058 - INFO:   Epoch: 16/50, Step: 80/408, Lr: 0.000387, Loss: 1.138593, Acc: 0.630859, Time/step: 0.573181
2021-12-14 05:00:01,153 - INFO:   Epoch: 16/50, Step: 280/408, Lr: 0.000381, Loss: 1.088267, Acc: 0.655273, Time/step: 1.430476
2021-12-14 05:03:08,721 - INFO: Train Epoch 16/50 Finished | Train Loss: 1.098627 | Train Acc: 0.644045
2021-12-14 05:04:43,749 - INFO: Val Epoch 16/50 Finished | Val Loss: 1.327963 | Val Acc: 0.608653
2021-12-14 05:06:32,848 - INFO:   Epoch: 17/50, Step: 72/408, Lr: 0.000376, Loss: 1.064173, Acc: 0.649902, Time/step: 0.537824
2021-12-14 05:11:22,413 - INFO:   Epoch: 17/50, Step: 272/408, Lr: 0.000370, Loss: 1.077298, Acc: 0.643555, Time/step: 1.447802
2021-12-14 05:14:27,932 - INFO: Train Epoch 17/50 Finished | Train Loss: 1.084521 | Train Acc: 0.647717
2021-12-14 05:16:00,447 - INFO: Val Epoch 17/50 Finished | Val Loss: 1.330803 | Val Acc: 0.606351
2021-12-14 05:17:38,705 - INFO:   Epoch: 18/50, Step: 64/408, Lr: 0.000365, Loss: 1.065415, Acc: 0.645996, Time/step: 0.483571
2021-12-14 05:22:22,387 - INFO:   Epoch: 18/50, Step: 264/408, Lr: 0.000359, Loss: 1.073081, Acc: 0.662598, Time/step: 1.418367
2021-12-14 05:25:45,718 - INFO: Train Epoch 18/50 Finished | Train Loss: 1.070734 | Train Acc: 0.650721
2021-12-14 05:27:25,539 - INFO: Val Epoch 18/50 Finished | Val Loss: 1.333784 | Val Acc: 0.608375
2021-12-14 05:28:55,256 - INFO:   Epoch: 19/50, Step: 56/408, Lr: 0.000354, Loss: 1.046692, Acc: 0.661621, Time/step: 0.440845
2021-12-14 05:33:38,454 - INFO:   Epoch: 19/50, Step: 256/408, Lr: 0.000349, Loss: 1.009033, Acc: 0.668945, Time/step: 1.415988
2021-12-14 05:37:20,271 - INFO: Train Epoch 19/50 Finished | Train Loss: 1.057046 | Train Acc: 0.654298
2021-12-14 05:38:53,632 - INFO: Val Epoch 19/50 Finished | Val Loss: 1.339871 | Val Acc: 0.606753
2021-12-14 05:40:07,513 - INFO:   Epoch: 20/50, Step: 48/408, Lr: 0.000343, Loss: 1.032261, Acc: 0.657715, Time/step: 0.363074
2021-12-14 05:44:42,840 - INFO:   Epoch: 20/50, Step: 248/408, Lr: 0.000338, Loss: 1.031073, Acc: 0.666992, Time/step: 1.376632
2021-12-14 05:48:42,892 - INFO: Train Epoch 20/50 Finished | Train Loss: 1.043705 | Train Acc: 0.657557
2021-12-14 05:50:09,251 - INFO: Val Epoch 20/50 Finished | Val Loss: 1.347311 | Val Acc: 0.607792
2021-12-14 05:51:11,481 - INFO:   Epoch: 21/50, Step: 40/408, Lr: 0.000332, Loss: 0.991835, Acc: 0.676270, Time/step: 0.303000
2021-12-14 05:56:04,792 - INFO:   Epoch: 21/50, Step: 240/408, Lr: 0.000327, Loss: 1.063728, Acc: 0.649414, Time/step: 1.466486
2021-12-14 06:00:08,441 - INFO: Train Epoch 21/50 Finished | Train Loss: 1.030112 | Train Acc: 0.661321
2021-12-14 06:01:34,287 - INFO: Val Epoch 21/50 Finished | Val Loss: 1.365441 | Val Acc: 0.605326
2021-12-14 06:02:25,386 - INFO:   Epoch: 22/50, Step: 32/408, Lr: 0.000321, Loss: 0.971252, Acc: 0.669434, Time/step: 0.248422
2021-12-14 06:07:21,597 - INFO:   Epoch: 22/50, Step: 232/408, Lr: 0.000316, Loss: 1.087034, Acc: 0.639648, Time/step: 1.481050
2021-12-14 06:11:28,773 - INFO: Train Epoch 22/50 Finished | Train Loss: 1.014942 | Train Acc: 0.664774
2021-12-14 06:13:04,335 - INFO: Val Epoch 22/50 Finished | Val Loss: 1.360420 | Val Acc: 0.606490
2021-12-14 06:13:44,383 - INFO:   Epoch: 23/50, Step: 24/408, Lr: 0.000310, Loss: 0.993659, Acc: 0.674316, Time/step: 0.189964
2021-12-14 06:18:31,756 - INFO:   Epoch: 23/50, Step: 224/408, Lr: 0.000305, Loss: 1.017494, Acc: 0.667969, Time/step: 1.436833
2021-12-14 06:22:49,382 - INFO: Train Epoch 23/50 Finished | Train Loss: 1.001015 | Train Acc: 0.668418
2021-12-14 06:24:25,259 - INFO: Val Epoch 23/50 Finished | Val Loss: 1.379370 | Val Acc: 0.605278
2021-12-14 06:24:54,925 - INFO:   Epoch: 24/50, Step: 16/408, Lr: 0.000300, Loss: 0.957911, Acc: 0.687500, Time/step: 0.140594
2021-12-14 06:29:36,897 - INFO:   Epoch: 24/50, Step: 216/408, Lr: 0.000294, Loss: 1.001365, Acc: 0.658691, Time/step: 1.409862
2021-12-14 06:34:23,551 - INFO: Train Epoch 24/50 Finished | Train Loss: 0.986704 | Train Acc: 0.672069
2021-12-14 06:35:48,183 - INFO: Val Epoch 24/50 Finished | Val Loss: 1.389024 | Val Acc: 0.602784
2021-12-14 06:36:03,982 - INFO:   Epoch: 25/50, Step: 8/408, Lr: 0.000289, Loss: 0.947491, Acc: 0.684082, Time/step: 0.071195
2021-12-14 06:40:53,871 - INFO:   Epoch: 25/50, Step: 208/408, Lr: 0.000283, Loss: 0.990419, Acc: 0.658203, Time/step: 1.449431
2021-12-14 06:45:39,440 - INFO:   Epoch: 25/50, Step: 408/408, Lr: 0.000278, Loss: 0.931136, Acc: 0.681933, Time/step: 1.427840
2021-12-14 06:45:39,441 - INFO: Train Epoch 25/50 Finished | Train Loss: 0.971385 | Train Acc: 0.675646
2021-12-14 06:47:05,560 - INFO: Val Epoch 25/50 Finished | Val Loss: 1.388179 | Val Acc: 0.603622
2021-12-14 06:52:04,494 - INFO:   Epoch: 26/50, Step: 200/408, Lr: 0.000272, Loss: 0.958273, Acc: 0.678223, Time/step: 1.486079
2021-12-14 06:56:55,146 - INFO:   Epoch: 26/50, Step: 400/408, Lr: 0.000267, Loss: 0.974117, Acc: 0.669922, Time/step: 1.453251
2021-12-14 06:57:07,551 - INFO: Train Epoch 26/50 Finished | Train Loss: 0.956628 | Train Acc: 0.680294
2021-12-14 06:58:39,341 - INFO: Val Epoch 26/50 Finished | Val Loss: 1.403338 | Val Acc: 0.603325
2021-12-14 07:03:24,741 - INFO:   Epoch: 27/50, Step: 192/408, Lr: 0.000261, Loss: 0.947935, Acc: 0.682617, Time/step: 1.418925
2021-12-14 07:08:01,741 - INFO:   Epoch: 27/50, Step: 392/408, Lr: 0.000256, Loss: 0.953814, Acc: 0.682617, Time/step: 1.385000
2021-12-14 07:08:26,876 - INFO: Train Epoch 27/50 Finished | Train Loss: 0.942923 | Train Acc: 0.683954
2021-12-14 07:09:52,586 - INFO: Val Epoch 27/50 Finished | Val Loss: 1.412336 | Val Acc: 0.602009
2021-12-14 07:14:14,754 - INFO:   Epoch: 28/50, Step: 184/408, Lr: 0.000251, Loss: 0.891654, Acc: 0.689453, Time/step: 1.302970
2021-12-14 07:18:57,079 - INFO:   Epoch: 28/50, Step: 384/408, Lr: 0.000245, Loss: 0.938433, Acc: 0.683105, Time/step: 1.411593
2021-12-14 07:19:32,726 - INFO: Train Epoch 28/50 Finished | Train Loss: 0.928991 | Train Acc: 0.686887
2021-12-14 07:21:11,672 - INFO: Val Epoch 28/50 Finished | Val Loss: 1.433978 | Val Acc: 0.599740
2021-12-14 07:25:30,776 - INFO:   Epoch: 29/50, Step: 176/408, Lr: 0.000240, Loss: 0.897135, Acc: 0.705566, Time/step: 1.287159
2021-12-14 07:30:18,347 - INFO:   Epoch: 29/50, Step: 376/408, Lr: 0.000234, Loss: 0.948127, Acc: 0.669434, Time/step: 1.437853
2021-12-14 07:31:06,690 - INFO: Train Epoch 29/50 Finished | Train Loss: 0.913142 | Train Acc: 0.691423
2021-12-14 07:32:28,650 - INFO: Val Epoch 29/50 Finished | Val Loss: 1.441032 | Val Acc: 0.600185
2021-12-14 07:36:40,464 - INFO:   Epoch: 30/50, Step: 168/408, Lr: 0.000229, Loss: 0.886894, Acc: 0.700195, Time/step: 1.251991
2021-12-14 07:41:32,009 - INFO:   Epoch: 30/50, Step: 368/408, Lr: 0.000223, Loss: 0.907120, Acc: 0.685547, Time/step: 1.457722
2021-12-14 07:42:28,192 - INFO: Train Epoch 30/50 Finished | Train Loss: 0.899471 | Train Acc: 0.695287
2021-12-14 07:43:51,743 - INFO: Val Epoch 30/50 Finished | Val Loss: 1.450336 | Val Acc: 0.598457
2021-12-14 07:48:01,464 - INFO:   Epoch: 31/50, Step: 160/408, Lr: 0.000218, Loss: 0.888576, Acc: 0.701172, Time/step: 1.241574
2021-12-14 07:52:38,484 - INFO:   Epoch: 31/50, Step: 360/408, Lr: 0.000212, Loss: 0.909003, Acc: 0.692383, Time/step: 1.385098
2021-12-14 07:53:51,337 - INFO: Train Epoch 31/50 Finished | Train Loss: 0.885963 | Train Acc: 0.698533
2021-12-14 07:55:21,482 - INFO: Val Epoch 31/50 Finished | Val Loss: 1.461311 | Val Acc: 0.596236
2021-12-14 07:59:06,843 - INFO:   Epoch: 32/50, Step: 152/408, Lr: 0.000207, Loss: 0.884818, Acc: 0.690918, Time/step: 1.119644
2021-12-14 08:03:56,685 - INFO:   Epoch: 32/50, Step: 352/408, Lr: 0.000202, Loss: 0.855231, Acc: 0.714355, Time/step: 1.449209
2021-12-14 08:05:18,687 - INFO: Train Epoch 32/50 Finished | Train Loss: 0.870344 | Train Acc: 0.703909
2021-12-14 08:06:51,625 - INFO: Val Epoch 32/50 Finished | Val Loss: 1.485580 | Val Acc: 0.596221
2021-12-14 08:10:24,419 - INFO:   Epoch: 33/50, Step: 144/408, Lr: 0.000196, Loss: 0.866541, Acc: 0.701172, Time/step: 1.055250
2021-12-14 08:15:12,241 - INFO:   Epoch: 33/50, Step: 344/408, Lr: 0.000191, Loss: 0.857945, Acc: 0.722168, Time/step: 1.439110
2021-12-14 08:16:50,252 - INFO: Train Epoch 33/50 Finished | Train Loss: 0.856325 | Train Acc: 0.707420
2021-12-14 08:18:15,032 - INFO: Val Epoch 33/50 Finished | Val Loss: 1.493012 | Val Acc: 0.596944
2021-12-14 08:21:36,316 - INFO:   Epoch: 34/50, Step: 136/408, Lr: 0.000185, Loss: 0.875503, Acc: 0.699707, Time/step: 0.996480
2021-12-14 08:26:22,404 - INFO:   Epoch: 34/50, Step: 336/408, Lr: 0.000180, Loss: 0.819642, Acc: 0.711914, Time/step: 1.430437
2021-12-14 08:28:13,433 - INFO: Train Epoch 34/50 Finished | Train Loss: 0.842950 | Train Acc: 0.711714
2021-12-14 08:29:41,896 - INFO: Val Epoch 34/50 Finished | Val Loss: 1.514554 | Val Acc: 0.594349
2021-12-14 08:32:56,825 - INFO:   Epoch: 35/50, Step: 128/408, Lr: 0.000174, Loss: 0.834133, Acc: 0.714844, Time/step: 0.965920
2021-12-14 08:37:43,402 - INFO:   Epoch: 35/50, Step: 328/408, Lr: 0.000169, Loss: 0.880115, Acc: 0.696777, Time/step: 1.432847
2021-12-14 08:39:41,476 - INFO: Train Epoch 35/50 Finished | Train Loss: 0.829777 | Train Acc: 0.715466
2021-12-14 08:41:08,693 - INFO: Val Epoch 35/50 Finished | Val Loss: 1.531342 | Val Acc: 0.595603
2021-12-14 08:44:07,962 - INFO:   Epoch: 36/50, Step: 120/408, Lr: 0.000163, Loss: 0.814749, Acc: 0.716309, Time/step: 0.887947
2021-12-14 08:48:45,342 - INFO:   Epoch: 36/50, Step: 320/408, Lr: 0.000158, Loss: 0.836540, Acc: 0.715820, Time/step: 1.386863
2021-12-14 08:51:04,276 - INFO: Train Epoch 36/50 Finished | Train Loss: 0.816022 | Train Acc: 0.719101
2021-12-14 08:52:28,752 - INFO: Val Epoch 36/50 Finished | Val Loss: 1.541928 | Val Acc: 0.592975
2021-12-14 08:55:19,420 - INFO:   Epoch: 37/50, Step: 112/408, Lr: 0.000153, Loss: 0.793800, Acc: 0.716797, Time/step: 0.844964
2021-12-14 09:00:08,086 - INFO:   Epoch: 37/50, Step: 312/408, Lr: 0.000147, Loss: 0.826851, Acc: 0.710938, Time/step: 1.443330
2021-12-14 09:02:34,105 - INFO: Train Epoch 37/50 Finished | Train Loss: 0.803375 | Train Acc: 0.722939
2021-12-14 09:04:02,824 - INFO: Val Epoch 37/50 Finished | Val Loss: 1.557301 | Val Acc: 0.591960
2021-12-14 09:06:32,009 - INFO:   Epoch: 38/50, Step: 104/408, Lr: 0.000142, Loss: 0.766237, Acc: 0.724121, Time/step: 0.737410
2021-12-14 09:11:21,385 - INFO:   Epoch: 38/50, Step: 304/408, Lr: 0.000136, Loss: 0.834795, Acc: 0.718262, Time/step: 1.446877
2021-12-14 09:13:57,585 - INFO: Train Epoch 38/50 Finished | Train Loss: 0.790407 | Train Acc: 0.727132
2021-12-14 09:15:22,689 - INFO: Val Epoch 38/50 Finished | Val Loss: 1.556420 | Val Acc: 0.592276
2021-12-14 09:17:43,005 - INFO:   Epoch: 39/50, Step: 96/408, Lr: 0.000131, Loss: 0.795213, Acc: 0.715820, Time/step: 0.696346
2021-12-14 09:22:09,870 - INFO:   Epoch: 39/50, Step: 296/408, Lr: 0.000125, Loss: 0.773910, Acc: 0.731934, Time/step: 1.334321
2021-12-14 09:24:47,003 - INFO: Train Epoch 39/50 Finished | Train Loss: 0.779294 | Train Acc: 0.730560
2021-12-14 09:26:13,399 - INFO: Val Epoch 39/50 Finished | Val Loss: 1.584712 | Val Acc: 0.590759
2021-12-14 09:28:15,559 - INFO:   Epoch: 40/50, Step: 88/408, Lr: 0.000120, Loss: 0.759260, Acc: 0.736816, Time/step: 0.604288
2021-12-14 09:32:09,419 - INFO:   Epoch: 40/50, Step: 288/408, Lr: 0.000114, Loss: 0.761654, Acc: 0.730469, Time/step: 1.169291
2021-12-14 09:34:22,490 - INFO: Train Epoch 40/50 Finished | Train Loss: 0.766082 | Train Acc: 0.734638
2021-12-14 09:35:20,304 - INFO: Val Epoch 40/50 Finished | Val Loss: 1.599237 | Val Acc: 0.590711
2021-12-14 09:36:52,726 - INFO:   Epoch: 41/50, Step: 80/408, Lr: 0.000109, Loss: 0.778943, Acc: 0.729004, Time/step: 0.455901
2021-12-14 09:40:33,644 - INFO:   Epoch: 41/50, Step: 280/408, Lr: 0.000103, Loss: 0.741354, Acc: 0.734375, Time/step: 1.104587
2021-12-14 09:42:56,270 - INFO: Train Epoch 41/50 Finished | Train Loss: 0.755018 | Train Acc: 0.738039
2021-12-14 09:43:58,532 - INFO: Val Epoch 41/50 Finished | Val Loss: 1.606715 | Val Acc: 0.589964
2021-12-14 09:45:24,384 - INFO:   Epoch: 42/50, Step: 72/408, Lr: 0.000098, Loss: 0.723560, Acc: 0.752930, Time/step: 0.423227
2021-12-14 09:48:57,736 - INFO:   Epoch: 42/50, Step: 272/408, Lr: 0.000093, Loss: 0.735844, Acc: 0.742188, Time/step: 1.066760
2021-12-14 09:51:26,050 - INFO: Train Epoch 42/50 Finished | Train Loss: 0.744454 | Train Acc: 0.740519
2021-12-14 09:52:27,456 - INFO: Val Epoch 42/50 Finished | Val Loss: 1.630012 | Val Acc: 0.589763
2021-12-14 09:53:41,512 - INFO:   Epoch: 43/50, Step: 64/408, Lr: 0.000087, Loss: 0.701804, Acc: 0.761230, Time/step: 0.364124
2021-12-14 09:57:15,248 - INFO:   Epoch: 43/50, Step: 264/408, Lr: 0.000082, Loss: 0.716204, Acc: 0.743652, Time/step: 1.068681
2021-12-14 09:59:54,302 - INFO: Train Epoch 43/50 Finished | Train Loss: 0.732922 | Train Acc: 0.744436
2021-12-14 10:00:58,333 - INFO: Val Epoch 43/50 Finished | Val Loss: 1.646785 | Val Acc: 0.587106
2021-12-14 10:01:59,378 - INFO:   Epoch: 44/50, Step: 56/408, Lr: 0.000076, Loss: 0.746994, Acc: 0.741211, Time/step: 0.298905
2021-12-14 10:05:36,646 - INFO:   Epoch: 44/50, Step: 256/408, Lr: 0.000071, Loss: 0.726851, Acc: 0.747070, Time/step: 1.086341
2021-12-14 10:08:30,088 - INFO: Train Epoch 44/50 Finished | Train Loss: 0.724078 | Train Acc: 0.747927
2021-12-14 10:09:31,617 - INFO: Val Epoch 44/50 Finished | Val Loss: 1.653648 | Val Acc: 0.588595
2021-12-14 10:10:24,367 - INFO:   Epoch: 45/50, Step: 48/408, Lr: 0.000065, Loss: 0.724147, Acc: 0.747559, Time/step: 0.257724
2021-12-14 10:14:05,139 - INFO:   Epoch: 45/50, Step: 248/408, Lr: 0.000060, Loss: 0.739325, Acc: 0.747559, Time/step: 1.103860
2021-12-14 10:17:01,836 - INFO: Train Epoch 45/50 Finished | Train Loss: 0.713847 | Train Acc: 0.750293
2021-12-14 10:18:04,673 - INFO: Val Epoch 45/50 Finished | Val Loss: 1.670257 | Val Acc: 0.585958
2021-12-14 10:18:49,450 - INFO:   Epoch: 46/50, Step: 40/408, Lr: 0.000054, Loss: 0.711023, Acc: 0.753906, Time/step: 0.216973
2021-12-14 10:22:30,876 - INFO:   Epoch: 46/50, Step: 240/408, Lr: 0.000049, Loss: 0.690127, Acc: 0.754883, Time/step: 1.107132
2021-12-14 10:25:44,366 - INFO: Train Epoch 46/50 Finished | Train Loss: 0.704263 | Train Acc: 0.754210
2021-12-14 10:26:55,854 - INFO: Val Epoch 46/50 Finished | Val Loss: 1.683677 | Val Acc: 0.586235
2021-12-14 10:27:35,564 - INFO:   Epoch: 47/50, Step: 32/408, Lr: 0.000044, Loss: 0.712480, Acc: 0.749512, Time/step: 0.192441
2021-12-14 10:31:16,988 - INFO:   Epoch: 47/50, Step: 232/408, Lr: 0.000038, Loss: 0.692235, Acc: 0.757812, Time/step: 1.107113
2021-12-14 10:34:36,262 - INFO: Train Epoch 47/50 Finished | Train Loss: 0.698087 | Train Acc: 0.755888
2021-12-14 10:35:42,032 - INFO: Val Epoch 47/50 Finished | Val Loss: 1.689476 | Val Acc: 0.585704
2021-12-14 10:36:12,239 - INFO:   Epoch: 48/50, Step: 24/408, Lr: 0.000033, Loss: 0.709755, Acc: 0.741211, Time/step: 0.144047
2021-12-14 10:40:26,163 - INFO:   Epoch: 48/50, Step: 224/408, Lr: 0.000027, Loss: 0.659929, Acc: 0.775879, Time/step: 1.269623
2021-12-14 10:44:48,174 - INFO: Train Epoch 48/50 Finished | Train Loss: 0.689460 | Train Acc: 0.758617
2021-12-14 10:46:14,928 - INFO: Val Epoch 48/50 Finished | Val Loss: 1.696497 | Val Acc: 0.585546
2021-12-14 10:46:44,515 - INFO:   Epoch: 49/50, Step: 16/408, Lr: 0.000022, Loss: 0.632681, Acc: 0.778809, Time/step: 0.139667
2021-12-14 10:51:52,372 - INFO:   Epoch: 49/50, Step: 216/408, Lr: 0.000016, Loss: 0.663847, Acc: 0.770996, Time/step: 1.539284
2021-12-14 10:56:53,077 - INFO: Train Epoch 49/50 Finished | Train Loss: 0.685128 | Train Acc: 0.760160
2021-12-14 10:58:24,390 - INFO: Val Epoch 49/50 Finished | Val Loss: 1.704340 | Val Acc: 0.585574
2021-12-14 10:58:40,740 - INFO:   Epoch: 50/50, Step: 8/408, Lr: 0.000011, Loss: 0.693815, Acc: 0.752441, Time/step: 0.073233
2021-12-14 11:03:43,509 - INFO:   Epoch: 50/50, Step: 208/408, Lr: 0.000005, Loss: 0.673508, Acc: 0.766602, Time/step: 1.513842
2021-12-14 11:08:36,852 - INFO:   Epoch: 50/50, Step: 408/408, Lr: -0.000000, Loss: 0.664030, Acc: 0.772521, Time/step: 1.466714
2021-12-14 11:08:36,854 - INFO: Train Epoch 50/50 Finished | Train Loss: 0.679057 | Train Acc: 0.761694
2021-12-14 11:09:53,003 - INFO: Val Epoch 50/50 Finished | Val Loss: 1.705422 | Val Acc: 0.586015
2021-12-14 11:09:53,004 - INFO: Best Epoch 14 | Train Loss: 1.124544 | Train Acc: 0.637760 | Val Loss: 1.302454 | Val Acc: 0.611621 
Using backend: pytorch
