################ Graph info: ###############
Graph(num_nodes=3655452, num_edges=32824102,
      ndata_schemes={}
      edata_schemes={})
################ Label info: ################
Total labels (including not labeled): 3655452
               Training label number: 835542
             Validation label number: 208875
                   Test label number: 592391
################ Feature info: ###############
Node's feature shape:torch.Size([3655452, 300])
Walk's feature shape:torch.Size([3655452, 128])
Edge's feature shape:torch.Size([3655452, 2])
2021-12-14 01:28:10,975 - INFO: Model = DouUniCMP(
  (InUniCMP): UniCMP(
    (graphsage): ModuleList(
      (0): GraphSageLayer(
        (graph): SAGEConv(
          (feat_drop): Dropout(p=0.0, inplace=False)
          (lstm): LSTM(300, 300, batch_first=True)
          (fc_self): Linear(in_features=300, out_features=512, bias=False)
          (fc_neigh): Linear(in_features=300, out_features=512, bias=False)
        )
        (norm): LayerNorm()
        (dropout): Dropout(p=0.0, inplace=False)
      )
      (1): GraphSageLayer(
        (graph): SAGEConv(
          (feat_drop): Dropout(p=0.0, inplace=False)
          (lstm): LSTM(512, 512, batch_first=True)
          (fc_self): Linear(in_features=512, out_features=512, bias=False)
          (fc_neigh): Linear(in_features=512, out_features=512, bias=False)
        )
        (norm): LayerNorm()
        (dropout): Dropout(p=0.0, inplace=False)
      )
    )
    (graphattn): ModuleList(
      (0): GraphAttnLayer(
        (graph): GATConv(
          (fc): Linear(in_features=300, out_features=512, bias=False)
          (feat_drop): Dropout(p=0.0, inplace=False)
          (attn_drop): Dropout(p=0, inplace=False)
          (leaky_relu): LeakyReLU(negative_slope=0.2)
        )
        (norm): LayerNorm()
        (dropout): Dropout(p=0.0, inplace=False)
      )
      (1): GraphAttnLayer(
        (graph): GATConv(
          (fc): Linear(in_features=512, out_features=512, bias=False)
          (feat_drop): Dropout(p=0.0, inplace=False)
          (attn_drop): Dropout(p=0, inplace=False)
          (leaky_relu): LeakyReLU(negative_slope=0.2)
        )
        (norm): LayerNorm()
        (dropout): Dropout(p=0.0, inplace=False)
      )
    )
    (graphskip): ModuleList(
      (0): ShortCutLayer(
        (graph): Linear(in_features=300, out_features=512, bias=True)
        (norm): LayerNorm()
        (dropout): Dropout(p=0.0, inplace=False)
      )
      (1): ShortCutLayer(
        (graph): Linear(in_features=300, out_features=512, bias=True)
        (norm): LayerNorm()
        (dropout): Dropout(p=0.0, inplace=False)
      )
      (2): ShortCutLayer(
        (graph): Linear(in_features=512, out_features=512, bias=True)
        (norm): LayerNorm()
        (dropout): Dropout(p=0.0, inplace=False)
      )
    )
    (attn_layers): ModuleList(
      (0): MultiHeadedAttention(
        (query): Linear(in_features=512, out_features=512, bias=True)
        (key): Linear(in_features=512, out_features=512, bias=True)
        (value): Linear(in_features=512, out_features=512, bias=True)
        (dropout): Dropout(p=0.0, inplace=False)
        (softmax): Softmax(dim=-1)
      )
      (1): MultiHeadedAttention(
        (query): Linear(in_features=512, out_features=512, bias=True)
        (key): Linear(in_features=512, out_features=512, bias=True)
        (value): Linear(in_features=512, out_features=512, bias=True)
        (dropout): Dropout(p=0.0, inplace=False)
        (softmax): Softmax(dim=-1)
      )
    )
    (norm_layers): ModuleList(
      (0): LayerNorm()
      (1): LayerNorm()
    )
    (label_embed): Embedding(24, 300, padding_idx=23)
    (feat_mlp): Sequential(
      (0): Linear(in_features=730, out_features=512, bias=True)
      (1): LayerNorm()
      (2): ReLU()
      (3): Dropout(p=0.2, inplace=False)
      (4): Linear(in_features=512, out_features=300, bias=True)
    )
    (label_dropout): Dropout(p=0.1, inplace=False)
    (feat_dropout): Dropout(p=0.05, inplace=False)
    (dropout): Dropout(p=0.2, inplace=False)
  )
  (OutUniCMP): UniCMP(
    (graphsage): ModuleList(
      (0): GraphSageLayer(
        (graph): SAGEConv(
          (feat_drop): Dropout(p=0.0, inplace=False)
          (lstm): LSTM(300, 300, batch_first=True)
          (fc_self): Linear(in_features=300, out_features=512, bias=False)
          (fc_neigh): Linear(in_features=300, out_features=512, bias=False)
        )
        (norm): LayerNorm()
        (dropout): Dropout(p=0.0, inplace=False)
      )
      (1): GraphSageLayer(
        (graph): SAGEConv(
          (feat_drop): Dropout(p=0.0, inplace=False)
          (lstm): LSTM(512, 512, batch_first=True)
          (fc_self): Linear(in_features=512, out_features=512, bias=False)
          (fc_neigh): Linear(in_features=512, out_features=512, bias=False)
        )
        (norm): LayerNorm()
        (dropout): Dropout(p=0.0, inplace=False)
      )
    )
    (graphattn): ModuleList(
      (0): GraphAttnLayer(
        (graph): GATConv(
          (fc): Linear(in_features=300, out_features=512, bias=False)
          (feat_drop): Dropout(p=0.0, inplace=False)
          (attn_drop): Dropout(p=0, inplace=False)
          (leaky_relu): LeakyReLU(negative_slope=0.2)
        )
        (norm): LayerNorm()
        (dropout): Dropout(p=0.0, inplace=False)
      )
      (1): GraphAttnLayer(
        (graph): GATConv(
          (fc): Linear(in_features=512, out_features=512, bias=False)
          (feat_drop): Dropout(p=0.0, inplace=False)
          (attn_drop): Dropout(p=0, inplace=False)
          (leaky_relu): LeakyReLU(negative_slope=0.2)
        )
        (norm): LayerNorm()
        (dropout): Dropout(p=0.0, inplace=False)
      )
    )
    (graphskip): ModuleList(
      (0): ShortCutLayer(
        (graph): Linear(in_features=300, out_features=512, bias=True)
        (norm): LayerNorm()
        (dropout): Dropout(p=0.0, inplace=False)
      )
      (1): ShortCutLayer(
        (graph): Linear(in_features=300, out_features=512, bias=True)
        (norm): LayerNorm()
        (dropout): Dropout(p=0.0, inplace=False)
      )
      (2): ShortCutLayer(
        (graph): Linear(in_features=512, out_features=512, bias=True)
        (norm): LayerNorm()
        (dropout): Dropout(p=0.0, inplace=False)
      )
    )
    (attn_layers): ModuleList(
      (0): MultiHeadedAttention(
        (query): Linear(in_features=512, out_features=512, bias=True)
        (key): Linear(in_features=512, out_features=512, bias=True)
        (value): Linear(in_features=512, out_features=512, bias=True)
        (dropout): Dropout(p=0.0, inplace=False)
        (softmax): Softmax(dim=-1)
      )
      (1): MultiHeadedAttention(
        (query): Linear(in_features=512, out_features=512, bias=True)
        (key): Linear(in_features=512, out_features=512, bias=True)
        (value): Linear(in_features=512, out_features=512, bias=True)
        (dropout): Dropout(p=0.0, inplace=False)
        (softmax): Softmax(dim=-1)
      )
    )
    (norm_layers): ModuleList(
      (0): LayerNorm()
      (1): LayerNorm()
    )
    (label_embed): Embedding(24, 300, padding_idx=23)
    (feat_mlp): Sequential(
      (0): Linear(in_features=730, out_features=512, bias=True)
      (1): LayerNorm()
      (2): ReLU()
      (3): Dropout(p=0.2, inplace=False)
      (4): Linear(in_features=512, out_features=300, bias=True)
    )
    (label_dropout): Dropout(p=0.1, inplace=False)
    (feat_dropout): Dropout(p=0.05, inplace=False)
    (dropout): Dropout(p=0.2, inplace=False)
  )
  (head): Sequential(
    (0): Linear(in_features=1024, out_features=512, bias=True)
    (1): LayerNorm()
    (2): ReLU()
    (3): Dropout(p=0.2, inplace=False)
    (4): Linear(in_features=512, out_features=23, bias=True)
  )
)
2021-12-14 01:28:10,976 - INFO: Model config = {'GNN_MODEL': 'unicmp', 'INPUT_SIZE': 300, 'NUM_LAYERS': 2, 'NUM_HEADS': 8, 'HIDDEN_SIZE': 512, 'NUM_CLASS': 23, 'LABEL_DROP': 0.1, 'FEAT_DORP': 0.05, 'GRAPH_DORP': 0.0, 'ATTN_DROP': 0.0, 'DROP': 0.2, 'USE_SAGE': True, 'USE_CONV': False, 'USE_ATTN': True, 'USE_RESNET': True, 'USE_DESNET': True, 'CHECKPOINT': ''}
2021-12-14 01:28:10,976 - INFO: Dataset config = {'SEED': 2021, 'DATA_PATH': '../dataset', 'DEEPWALK_PATH': 'czw_deep_walk2.npy', 'K_FOLD': 0, 'EPOCHS': 50, 'BATCH_SIZE': 2048, 'BIDIRECTED': False, 'LOG_STEP': 200, 'FANOUTS': [30, 30], 'IN_FANOUTS': [30, 30], 'OUT_FANOUTS': [50, 50], 'NUM_CLASS': 23, 'REPLACE_LABEL': 0.04, 'MASK_LABEL': 0.16, 'EDGE_DROP': 0.2, 'NUM_WORKERS': 2, 'GRADIENT_ACCUMULATION_STEPS': 1, 'NORM_FEATURE': False, 'OUT_PATH': '../dgl_model/dunicmp/unicmp_split0', 'MODEL_PREFIX': 'unicmp_split2', 'TEST_PREFIX': 'unicmp_split2'}
2021-12-14 01:28:10,976 - INFO: Optimizer config = {'LEARNING_RATE': 0.0005, 'COEF_LR': 1.0, 'SCHEDULE': 'warmup_linear', 'WEIGHT_DECAY': 0.0001, 'WARMUP_PROPORTION': 0.1}
2021-12-14 01:28:10,976 - INFO: Criterion config = {'LOSS_TYPE': 'CL', 'NUM_CLASS': 23, 'GAMMA_NEG': 4, 'GAMMA_POS': 1, 'SMOOTHING': 0.1}
2021-12-14 01:28:10,977 - INFO: Training parameters = 14072431
2021-12-14 01:28:10,978 - INFO: Model parameters = 14072431
2021-12-14 01:28:10,978 - INFO: Num steps = 20400
2021-12-14 01:33:18,822 - INFO:   Epoch: 1/50, Step: 200/408, Lr: 0.000049, Loss: 1.556170, Acc: 0.540527, Time/step: 1.529822
2021-12-14 01:37:35,400 - INFO:   Epoch: 1/50, Step: 400/408, Lr: 0.000098, Loss: 1.442140, Acc: 0.572266, Time/step: 1.282890
2021-12-14 01:37:45,712 - INFO: Train Epoch 1/50 Finished | Train Loss: 1.692707 | Train Acc: 0.507897
2021-12-14 01:39:18,118 - INFO: Val Epoch 1/50 Finished | Val Loss: 1.334024 | Val Acc: 0.594441
2021-12-14 01:43:40,297 - INFO:   Epoch: 2/50, Step: 192/408, Lr: 0.000147, Loss: 1.384796, Acc: 0.566895, Time/step: 1.303757
2021-12-14 01:48:18,661 - INFO:   Epoch: 2/50, Step: 392/408, Lr: 0.000196, Loss: 1.370457, Acc: 0.582031, Time/step: 1.391776
2021-12-14 01:48:41,241 - INFO: Train Epoch 2/50 Finished | Train Loss: 1.380106 | Train Acc: 0.580416
2021-12-14 01:50:16,499 - INFO: Val Epoch 2/50 Finished | Val Loss: 1.292366 | Val Acc: 0.603747
2021-12-14 01:54:31,790 - INFO:   Epoch: 3/50, Step: 184/408, Lr: 0.000245, Loss: 1.335594, Acc: 0.597656, Time/step: 1.268848
2021-12-14 01:58:53,896 - INFO:   Epoch: 3/50, Step: 384/408, Lr: 0.000294, Loss: 1.333700, Acc: 0.605957, Time/step: 1.310530
2021-12-14 01:59:27,198 - INFO: Train Epoch 3/50 Finished | Train Loss: 1.326387 | Train Acc: 0.592553
2021-12-14 02:00:55,611 - INFO: Val Epoch 3/50 Finished | Val Loss: 1.263947 | Val Acc: 0.607531
2021-12-14 02:04:43,826 - INFO:   Epoch: 4/50, Step: 176/408, Lr: 0.000343, Loss: 1.251721, Acc: 0.612793, Time/step: 1.134671
2021-12-14 02:09:19,013 - INFO:   Epoch: 4/50, Step: 376/408, Lr: 0.000392, Loss: 1.235482, Acc: 0.604492, Time/step: 1.375934
2021-12-14 02:10:06,505 - INFO: Train Epoch 4/50 Finished | Train Loss: 1.293418 | Train Acc: 0.601001
2021-12-14 02:11:40,759 - INFO: Val Epoch 4/50 Finished | Val Loss: 1.241175 | Val Acc: 0.612391
2021-12-14 02:15:48,360 - INFO:   Epoch: 5/50, Step: 168/408, Lr: 0.000441, Loss: 1.273750, Acc: 0.619629, Time/step: 1.229156
2021-12-14 02:20:18,908 - INFO:   Epoch: 5/50, Step: 368/408, Lr: 0.000490, Loss: 1.296005, Acc: 0.584961, Time/step: 1.352733
2021-12-14 02:21:11,746 - INFO: Train Epoch 5/50 Finished | Train Loss: 1.271500 | Train Acc: 0.606598
2021-12-14 02:22:33,988 - INFO: Val Epoch 5/50 Finished | Val Loss: 1.237232 | Val Acc: 0.613803
2021-12-14 02:25:59,426 - INFO:   Epoch: 6/50, Step: 160/408, Lr: 0.000496, Loss: 1.237757, Acc: 0.617676, Time/step: 1.020024
2021-12-14 02:30:32,317 - INFO:   Epoch: 6/50, Step: 360/408, Lr: 0.000490, Loss: 1.228719, Acc: 0.618652, Time/step: 1.364455
2021-12-14 02:31:40,933 - INFO: Train Epoch 6/50 Finished | Train Loss: 1.251474 | Train Acc: 0.611046
2021-12-14 02:33:11,230 - INFO: Val Epoch 6/50 Finished | Val Loss: 1.225144 | Val Acc: 0.615872
2021-12-14 02:36:46,672 - INFO:   Epoch: 7/50, Step: 152/408, Lr: 0.000485, Loss: 1.258667, Acc: 0.607422, Time/step: 1.070345
2021-12-14 02:41:18,276 - INFO:   Epoch: 7/50, Step: 352/408, Lr: 0.000479, Loss: 1.260900, Acc: 0.614746, Time/step: 1.358018
2021-12-14 02:42:40,274 - INFO: Train Epoch 7/50 Finished | Train Loss: 1.229419 | Train Acc: 0.616012
2021-12-14 02:44:11,715 - INFO: Val Epoch 7/50 Finished | Val Loss: 1.217332 | Val Acc: 0.619606
2021-12-14 02:47:21,985 - INFO:   Epoch: 8/50, Step: 144/408, Lr: 0.000474, Loss: 1.201377, Acc: 0.624023, Time/step: 0.940938
2021-12-14 02:51:35,323 - INFO:   Epoch: 8/50, Step: 344/408, Lr: 0.000468, Loss: 1.233838, Acc: 0.618652, Time/step: 1.266688
2021-12-14 02:53:06,143 - INFO: Train Epoch 8/50 Finished | Train Loss: 1.212794 | Train Acc: 0.619804
2021-12-14 02:54:38,932 - INFO: Val Epoch 8/50 Finished | Val Loss: 1.208498 | Val Acc: 0.620448
2021-12-14 02:57:51,997 - INFO:   Epoch: 9/50, Step: 136/408, Lr: 0.000463, Loss: 1.231385, Acc: 0.608887, Time/step: 0.958070
2021-12-14 03:02:32,290 - INFO:   Epoch: 9/50, Step: 336/408, Lr: 0.000458, Loss: 1.212986, Acc: 0.618164, Time/step: 1.401466
2021-12-14 03:04:19,351 - INFO: Train Epoch 9/50 Finished | Train Loss: 1.196565 | Train Acc: 0.623431
2021-12-14 03:05:47,326 - INFO: Val Epoch 9/50 Finished | Val Loss: 1.206357 | Val Acc: 0.622291
2021-12-14 03:08:33,284 - INFO:   Epoch: 10/50, Step: 128/408, Lr: 0.000452, Loss: 1.198370, Acc: 0.619629, Time/step: 0.823025
2021-12-14 03:12:46,767 - INFO:   Epoch: 10/50, Step: 328/408, Lr: 0.000447, Loss: 1.165271, Acc: 0.626953, Time/step: 1.267414
2021-12-14 03:14:34,641 - INFO: Train Epoch 10/50 Finished | Train Loss: 1.182891 | Train Acc: 0.627481
2021-12-14 03:16:10,703 - INFO: Val Epoch 10/50 Finished | Val Loss: 1.205530 | Val Acc: 0.622568
2021-12-14 03:18:56,237 - INFO:   Epoch: 11/50, Step: 120/408, Lr: 0.000441, Loss: 1.124786, Acc: 0.652344, Time/step: 0.820232
2021-12-14 03:23:36,730 - INFO:   Epoch: 11/50, Step: 320/408, Lr: 0.000436, Loss: 1.172659, Acc: 0.623535, Time/step: 1.402461
2021-12-14 03:25:38,653 - INFO: Train Epoch 11/50 Finished | Train Loss: 1.169297 | Train Acc: 0.629992
2021-12-14 03:27:10,290 - INFO: Val Epoch 11/50 Finished | Val Loss: 1.211406 | Val Acc: 0.622329
2021-12-14 03:29:42,133 - INFO:   Epoch: 12/50, Step: 112/408, Lr: 0.000430, Loss: 1.197169, Acc: 0.623047, Time/step: 0.751875
2021-12-14 03:34:01,183 - INFO:   Epoch: 12/50, Step: 312/408, Lr: 0.000425, Loss: 1.205390, Acc: 0.623535, Time/step: 1.295166
2021-12-14 03:36:10,719 - INFO: Train Epoch 12/50 Finished | Train Loss: 1.155098 | Train Acc: 0.633544
2021-12-14 03:37:41,990 - INFO: Val Epoch 12/50 Finished | Val Loss: 1.205808 | Val Acc: 0.623723
2021-12-14 03:39:59,185 - INFO:   Epoch: 13/50, Step: 104/408, Lr: 0.000419, Loss: 1.141671, Acc: 0.634277, Time/step: 0.676425
2021-12-14 03:43:57,359 - INFO:   Epoch: 13/50, Step: 304/408, Lr: 0.000414, Loss: 1.142324, Acc: 0.636230, Time/step: 1.190871
2021-12-14 03:46:07,035 - INFO: Train Epoch 13/50 Finished | Train Loss: 1.142882 | Train Acc: 0.636065
2021-12-14 03:47:24,689 - INFO: Val Epoch 13/50 Finished | Val Loss: 1.206019 | Val Acc: 0.625920
2021-12-14 03:49:21,743 - INFO:   Epoch: 14/50, Step: 96/408, Lr: 0.000408, Loss: 1.143512, Acc: 0.643066, Time/step: 0.578573
2021-12-14 03:53:10,614 - INFO:   Epoch: 14/50, Step: 296/408, Lr: 0.000403, Loss: 1.103375, Acc: 0.647461, Time/step: 1.144352
2021-12-14 03:55:26,285 - INFO: Train Epoch 14/50 Finished | Train Loss: 1.129719 | Train Acc: 0.639237
2021-12-14 03:56:40,118 - INFO: Val Epoch 14/50 Finished | Val Loss: 1.203778 | Val Acc: 0.625316
2021-12-14 03:58:21,507 - INFO:   Epoch: 15/50, Step: 88/408, Lr: 0.000398, Loss: 1.131145, Acc: 0.634766, Time/step: 0.499740
2021-12-14 04:02:06,455 - INFO:   Epoch: 15/50, Step: 288/408, Lr: 0.000392, Loss: 1.063922, Acc: 0.664551, Time/step: 1.124736
2021-12-14 04:04:31,647 - INFO: Train Epoch 15/50 Finished | Train Loss: 1.116671 | Train Acc: 0.641829
2021-12-14 04:05:50,118 - INFO: Val Epoch 15/50 Finished | Val Loss: 1.208434 | Val Acc: 0.624628
2021-12-14 04:07:33,630 - INFO:   Epoch: 16/50, Step: 80/408, Lr: 0.000387, Loss: 1.092183, Acc: 0.648438, Time/step: 0.509940
2021-12-14 04:11:24,463 - INFO:   Epoch: 16/50, Step: 280/408, Lr: 0.000381, Loss: 1.090800, Acc: 0.643555, Time/step: 1.154161
2021-12-14 04:13:54,590 - INFO: Train Epoch 16/50 Finished | Train Loss: 1.103012 | Train Acc: 0.645043
2021-12-14 04:15:04,024 - INFO: Val Epoch 16/50 Finished | Val Loss: 1.206149 | Val Acc: 0.625321
2021-12-14 04:16:28,017 - INFO:   Epoch: 17/50, Step: 72/408, Lr: 0.000376, Loss: 1.033664, Acc: 0.668457, Time/step: 0.412655
2021-12-14 04:20:17,188 - INFO:   Epoch: 17/50, Step: 272/408, Lr: 0.000370, Loss: 1.091134, Acc: 0.649902, Time/step: 1.145856
2021-12-14 04:22:55,817 - INFO: Train Epoch 17/50 Finished | Train Loss: 1.088545 | Train Acc: 0.649358
2021-12-14 04:24:08,193 - INFO: Val Epoch 17/50 Finished | Val Loss: 1.211354 | Val Acc: 0.626384
2021-12-14 04:25:25,705 - INFO:   Epoch: 18/50, Step: 64/408, Lr: 0.000365, Loss: 1.116852, Acc: 0.637695, Time/step: 0.381438
2021-12-14 04:29:21,896 - INFO:   Epoch: 18/50, Step: 264/408, Lr: 0.000359, Loss: 1.110919, Acc: 0.633789, Time/step: 1.180955
2021-12-14 04:32:18,465 - INFO: Train Epoch 18/50 Finished | Train Loss: 1.075802 | Train Acc: 0.651913
2021-12-14 04:33:33,243 - INFO: Val Epoch 18/50 Finished | Val Loss: 1.217496 | Val Acc: 0.626704
2021-12-14 04:34:43,105 - INFO:   Epoch: 19/50, Step: 56/408, Lr: 0.000354, Loss: 0.966021, Acc: 0.677246, Time/step: 0.342485
2021-12-14 04:38:29,737 - INFO:   Epoch: 19/50, Step: 256/408, Lr: 0.000349, Loss: 1.098329, Acc: 0.637695, Time/step: 1.133158
2021-12-14 04:41:29,294 - INFO: Train Epoch 19/50 Finished | Train Loss: 1.063004 | Train Acc: 0.655021
2021-12-14 04:42:44,380 - INFO: Val Epoch 19/50 Finished | Val Loss: 1.217624 | Val Acc: 0.626082
2021-12-14 04:43:41,321 - INFO:   Epoch: 20/50, Step: 48/408, Lr: 0.000343, Loss: 1.048228, Acc: 0.661621, Time/step: 0.281166
2021-12-14 04:47:26,415 - INFO:   Epoch: 20/50, Step: 248/408, Lr: 0.000338, Loss: 1.033875, Acc: 0.659668, Time/step: 1.125469
2021-12-14 04:50:36,911 - INFO: Train Epoch 20/50 Finished | Train Loss: 1.048266 | Train Acc: 0.658622
2021-12-14 04:51:53,788 - INFO: Val Epoch 20/50 Finished | Val Loss: 1.227597 | Val Acc: 0.624801
2021-12-14 04:52:46,842 - INFO:   Epoch: 21/50, Step: 40/408, Lr: 0.000332, Loss: 1.013141, Acc: 0.668457, Time/step: 0.259405
2021-12-14 04:56:47,655 - INFO:   Epoch: 21/50, Step: 240/408, Lr: 0.000327, Loss: 1.084139, Acc: 0.660156, Time/step: 1.204053
2021-12-14 05:00:08,599 - INFO: Train Epoch 21/50 Finished | Train Loss: 1.035384 | Train Acc: 0.662074
2021-12-14 05:01:18,540 - INFO: Val Epoch 21/50 Finished | Val Loss: 1.232651 | Val Acc: 0.625244
2021-12-14 05:01:57,157 - INFO:   Epoch: 22/50, Step: 32/408, Lr: 0.000321, Loss: 0.987784, Acc: 0.661133, Time/step: 0.189067
2021-12-14 05:05:49,972 - INFO:   Epoch: 22/50, Step: 232/408, Lr: 0.000316, Loss: 0.990676, Acc: 0.682129, Time/step: 1.164069
2021-12-14 05:09:09,700 - INFO: Train Epoch 22/50 Finished | Train Loss: 1.021192 | Train Acc: 0.664971
2021-12-14 05:10:25,473 - INFO: Val Epoch 22/50 Finished | Val Loss: 1.237334 | Val Acc: 0.625464
2021-12-14 05:10:57,095 - INFO:   Epoch: 23/50, Step: 24/408, Lr: 0.000310, Loss: 0.988376, Acc: 0.680176, Time/step: 0.149458
2021-12-14 05:14:50,421 - INFO:   Epoch: 23/50, Step: 224/408, Lr: 0.000305, Loss: 1.035356, Acc: 0.652344, Time/step: 1.166603
2021-12-14 05:18:37,257 - INFO: Train Epoch 23/50 Finished | Train Loss: 1.005474 | Train Acc: 0.669152
2021-12-14 05:19:52,579 - INFO: Val Epoch 23/50 Finished | Val Loss: 1.240767 | Val Acc: 0.624105
2021-12-14 05:20:15,044 - INFO:   Epoch: 24/50, Step: 16/408, Lr: 0.000300, Loss: 0.971104, Acc: 0.679688, Time/step: 0.105614
2021-12-14 05:23:58,426 - INFO:   Epoch: 24/50, Step: 216/408, Lr: 0.000294, Loss: 0.988189, Acc: 0.681641, Time/step: 1.116909
2021-12-14 05:27:42,810 - INFO: Train Epoch 24/50 Finished | Train Loss: 0.992024 | Train Acc: 0.672300
2021-12-14 05:28:59,722 - INFO: Val Epoch 24/50 Finished | Val Loss: 1.255342 | Val Acc: 0.623387
2021-12-14 05:29:11,273 - INFO:   Epoch: 25/50, Step: 8/408, Lr: 0.000289, Loss: 0.963875, Acc: 0.683594, Time/step: 0.053102
2021-12-14 05:32:55,383 - INFO:   Epoch: 25/50, Step: 208/408, Lr: 0.000283, Loss: 0.968774, Acc: 0.683105, Time/step: 1.120491
2021-12-14 05:36:54,274 - INFO:   Epoch: 25/50, Step: 408/408, Lr: 0.000278, Loss: 0.974086, Acc: 0.682951, Time/step: 1.194454
2021-12-14 05:36:54,289 - INFO: Train Epoch 25/50 Finished | Train Loss: 0.977313 | Train Acc: 0.676414
2021-12-14 05:38:15,947 - INFO: Val Epoch 25/50 Finished | Val Loss: 1.258973 | Val Acc: 0.623679
2021-12-14 05:42:16,946 - INFO:   Epoch: 26/50, Step: 200/408, Lr: 0.000272, Loss: 0.981612, Acc: 0.681152, Time/step: 1.197842
2021-12-14 05:46:14,221 - INFO:   Epoch: 26/50, Step: 400/408, Lr: 0.000267, Loss: 0.977016, Acc: 0.671875, Time/step: 1.186375
2021-12-14 05:46:23,518 - INFO: Train Epoch 26/50 Finished | Train Loss: 0.962857 | Train Acc: 0.680118
2021-12-14 05:47:35,700 - INFO: Val Epoch 26/50 Finished | Val Loss: 1.270089 | Val Acc: 0.623115
2021-12-14 05:51:23,220 - INFO:   Epoch: 27/50, Step: 192/408, Lr: 0.000261, Loss: 0.972265, Acc: 0.679199, Time/step: 1.130162
2021-12-14 05:55:08,618 - INFO:   Epoch: 27/50, Step: 392/408, Lr: 0.000256, Loss: 0.949686, Acc: 0.683105, Time/step: 1.126980
2021-12-14 05:55:27,526 - INFO: Train Epoch 27/50 Finished | Train Loss: 0.948204 | Train Acc: 0.684470
2021-12-14 05:56:41,339 - INFO: Val Epoch 27/50 Finished | Val Loss: 1.282239 | Val Acc: 0.622809
2021-12-14 06:00:21,863 - INFO:   Epoch: 28/50, Step: 184/408, Lr: 0.000251, Loss: 0.945950, Acc: 0.686523, Time/step: 1.097091
2021-12-14 06:04:25,445 - INFO:   Epoch: 28/50, Step: 384/408, Lr: 0.000245, Loss: 0.948603, Acc: 0.694824, Time/step: 1.217907
2021-12-14 06:04:54,172 - INFO: Train Epoch 28/50 Finished | Train Loss: 0.934339 | Train Acc: 0.687519
2021-12-14 06:06:10,980 - INFO: Val Epoch 28/50 Finished | Val Loss: 1.296780 | Val Acc: 0.622290
2021-12-14 06:09:34,283 - INFO:   Epoch: 29/50, Step: 176/408, Lr: 0.000240, Loss: 0.899513, Acc: 0.702148, Time/step: 1.010276
2021-12-14 06:13:32,214 - INFO:   Epoch: 29/50, Step: 376/408, Lr: 0.000234, Loss: 0.918571, Acc: 0.687988, Time/step: 1.189653
2021-12-14 06:14:10,629 - INFO: Train Epoch 29/50 Finished | Train Loss: 0.919256 | Train Acc: 0.691855
2021-12-14 06:15:21,661 - INFO: Val Epoch 29/50 Finished | Val Loss: 1.303839 | Val Acc: 0.620863
2021-12-14 06:18:39,690 - INFO:   Epoch: 30/50, Step: 168/408, Lr: 0.000229, Loss: 0.891491, Acc: 0.693848, Time/step: 0.983767
2021-12-14 06:22:38,962 - INFO:   Epoch: 30/50, Step: 368/408, Lr: 0.000223, Loss: 0.932333, Acc: 0.678711, Time/step: 1.196323
2021-12-14 06:23:26,575 - INFO: Train Epoch 30/50 Finished | Train Loss: 0.903247 | Train Acc: 0.695752
2021-12-14 06:24:41,358 - INFO: Val Epoch 30/50 Finished | Val Loss: 1.318295 | Val Acc: 0.619346
2021-12-14 06:27:51,374 - INFO:   Epoch: 31/50, Step: 160/408, Lr: 0.000218, Loss: 0.843191, Acc: 0.715332, Time/step: 0.943131
2021-12-14 06:31:46,136 - INFO:   Epoch: 31/50, Step: 360/408, Lr: 0.000212, Loss: 0.933717, Acc: 0.683594, Time/step: 1.173810
2021-12-14 06:32:40,098 - INFO: Train Epoch 31/50 Finished | Train Loss: 0.889822 | Train Acc: 0.699782
2021-12-14 06:33:49,760 - INFO: Val Epoch 31/50 Finished | Val Loss: 1.328134 | Val Acc: 0.619165
2021-12-14 06:36:53,366 - INFO:   Epoch: 32/50, Step: 152/408, Lr: 0.000207, Loss: 0.868102, Acc: 0.707520, Time/step: 0.912499
2021-12-14 06:40:46,500 - INFO:   Epoch: 32/50, Step: 352/408, Lr: 0.000202, Loss: 0.889435, Acc: 0.711426, Time/step: 1.165666
2021-12-14 06:41:52,491 - INFO: Train Epoch 32/50 Finished | Train Loss: 0.876296 | Train Acc: 0.703850
2021-12-14 06:43:06,357 - INFO: Val Epoch 32/50 Finished | Val Loss: 1.336150 | Val Acc: 0.620305
2021-12-14 06:46:02,895 - INFO:   Epoch: 33/50, Step: 144/408, Lr: 0.000196, Loss: 0.845677, Acc: 0.714844, Time/step: 0.875064
2021-12-14 06:50:05,726 - INFO:   Epoch: 33/50, Step: 344/408, Lr: 0.000191, Loss: 0.882897, Acc: 0.701660, Time/step: 1.214156
2021-12-14 06:51:21,925 - INFO: Train Epoch 33/50 Finished | Train Loss: 0.861812 | Train Acc: 0.707605
2021-12-14 06:52:38,622 - INFO: Val Epoch 33/50 Finished | Val Loss: 1.356507 | Val Acc: 0.617898
2021-12-14 06:55:14,822 - INFO:   Epoch: 34/50, Step: 136/408, Lr: 0.000185, Loss: 0.813860, Acc: 0.711914, Time/step: 0.775755
2021-12-14 06:59:08,194 - INFO:   Epoch: 34/50, Step: 336/408, Lr: 0.000180, Loss: 0.851237, Acc: 0.708496, Time/step: 1.166857
2021-12-14 07:00:33,529 - INFO: Train Epoch 34/50 Finished | Train Loss: 0.849360 | Train Acc: 0.711317
2021-12-14 07:01:46,485 - INFO: Val Epoch 34/50 Finished | Val Loss: 1.372171 | Val Acc: 0.617039
2021-12-14 07:04:20,463 - INFO:   Epoch: 35/50, Step: 128/408, Lr: 0.000174, Loss: 0.817871, Acc: 0.713379, Time/step: 0.762930
2021-12-14 07:08:18,055 - INFO:   Epoch: 35/50, Step: 328/408, Lr: 0.000169, Loss: 0.820210, Acc: 0.710449, Time/step: 1.187957
2021-12-14 07:09:53,996 - INFO: Train Epoch 35/50 Finished | Train Loss: 0.834528 | Train Acc: 0.715812
2021-12-14 07:11:13,371 - INFO: Val Epoch 35/50 Finished | Val Loss: 1.374857 | Val Acc: 0.618157
2021-12-14 07:13:41,715 - INFO:   Epoch: 36/50, Step: 120/408, Lr: 0.000163, Loss: 0.813987, Acc: 0.730957, Time/step: 0.733438
2021-12-14 07:17:37,742 - INFO:   Epoch: 36/50, Step: 320/408, Lr: 0.000158, Loss: 0.841882, Acc: 0.708008, Time/step: 1.180134
2021-12-14 07:19:20,595 - INFO: Train Epoch 36/50 Finished | Train Loss: 0.821040 | Train Acc: 0.719468
2021-12-14 07:20:38,095 - INFO: Val Epoch 36/50 Finished | Val Loss: 1.388913 | Val Acc: 0.616447
2021-12-14 07:22:51,207 - INFO:   Epoch: 37/50, Step: 112/408, Lr: 0.000153, Loss: 0.818583, Acc: 0.720703, Time/step: 0.658759
2021-12-14 07:26:43,279 - INFO:   Epoch: 37/50, Step: 312/408, Lr: 0.000147, Loss: 0.808994, Acc: 0.728027, Time/step: 1.160357
2021-12-14 07:28:40,941 - INFO: Train Epoch 37/50 Finished | Train Loss: 0.806925 | Train Acc: 0.723515
2021-12-14 07:29:56,327 - INFO: Val Epoch 37/50 Finished | Val Loss: 1.407594 | Val Acc: 0.614922
2021-12-14 07:32:01,379 - INFO:   Epoch: 38/50, Step: 104/408, Lr: 0.000142, Loss: 0.739249, Acc: 0.746582, Time/step: 0.619816
2021-12-14 07:36:04,899 - INFO:   Epoch: 38/50, Step: 304/408, Lr: 0.000136, Loss: 0.781718, Acc: 0.736328, Time/step: 1.217598
2021-12-14 07:38:08,726 - INFO: Train Epoch 38/50 Finished | Train Loss: 0.794821 | Train Acc: 0.727269
2021-12-14 07:39:28,307 - INFO: Val Epoch 38/50 Finished | Val Loss: 1.418197 | Val Acc: 0.615870
2021-12-14 07:41:18,755 - INFO:   Epoch: 39/50, Step: 96/408, Lr: 0.000131, Loss: 0.789546, Acc: 0.728516, Time/step: 0.544825
2021-12-14 07:45:06,802 - INFO:   Epoch: 39/50, Step: 296/408, Lr: 0.000125, Loss: 0.778995, Acc: 0.725098, Time/step: 1.140232
2021-12-14 07:47:13,246 - INFO: Train Epoch 39/50 Finished | Train Loss: 0.782089 | Train Acc: 0.731340
2021-12-14 07:48:23,287 - INFO: Val Epoch 39/50 Finished | Val Loss: 1.432170 | Val Acc: 0.614218
2021-12-14 07:50:13,002 - INFO:   Epoch: 40/50, Step: 88/408, Lr: 0.000120, Loss: 0.766840, Acc: 0.731934, Time/step: 0.544887
2021-12-14 07:54:14,648 - INFO:   Epoch: 40/50, Step: 288/408, Lr: 0.000114, Loss: 0.809941, Acc: 0.728516, Time/step: 1.208229
2021-12-14 07:56:40,757 - INFO: Train Epoch 40/50 Finished | Train Loss: 0.771746 | Train Acc: 0.734194
2021-12-14 07:57:59,000 - INFO: Val Epoch 40/50 Finished | Val Loss: 1.447598 | Val Acc: 0.614785
2021-12-14 07:59:34,692 - INFO:   Epoch: 41/50, Step: 80/408, Lr: 0.000109, Loss: 0.761237, Acc: 0.734863, Time/step: 0.471475
2021-12-14 08:03:28,481 - INFO:   Epoch: 41/50, Step: 280/408, Lr: 0.000103, Loss: 0.793256, Acc: 0.721191, Time/step: 1.168569
2021-12-14 08:05:59,767 - INFO: Train Epoch 41/50 Finished | Train Loss: 0.760261 | Train Acc: 0.737770
2021-12-14 08:07:12,715 - INFO: Val Epoch 41/50 Finished | Val Loss: 1.460470 | Val Acc: 0.612830
2021-12-14 08:08:40,881 - INFO:   Epoch: 42/50, Step: 72/408, Lr: 0.000098, Loss: 0.698261, Acc: 0.757812, Time/step: 0.434742
2021-12-14 08:12:29,494 - INFO:   Epoch: 42/50, Step: 272/408, Lr: 0.000093, Loss: 0.760277, Acc: 0.744629, Time/step: 1.143019
2021-12-14 08:15:11,423 - INFO: Train Epoch 42/50 Finished | Train Loss: 0.748778 | Train Acc: 0.741862
2021-12-14 08:16:27,105 - INFO: Val Epoch 42/50 Finished | Val Loss: 1.472171 | Val Acc: 0.612492
2021-12-14 08:17:45,878 - INFO:   Epoch: 43/50, Step: 64/408, Lr: 0.000087, Loss: 0.699003, Acc: 0.753906, Time/step: 0.386448
2021-12-14 08:21:44,503 - INFO:   Epoch: 43/50, Step: 264/408, Lr: 0.000082, Loss: 0.745970, Acc: 0.744629, Time/step: 1.193125
2021-12-14 08:24:40,233 - INFO: Train Epoch 43/50 Finished | Train Loss: 0.737337 | Train Acc: 0.744545
2021-12-14 08:25:51,077 - INFO: Val Epoch 43/50 Finished | Val Loss: 1.485956 | Val Acc: 0.612271
2021-12-14 08:26:59,391 - INFO:   Epoch: 44/50, Step: 56/408, Lr: 0.000076, Loss: 0.686557, Acc: 0.763184, Time/step: 0.335976
2021-12-14 08:30:48,088 - INFO:   Epoch: 44/50, Step: 256/408, Lr: 0.000071, Loss: 0.725188, Acc: 0.733887, Time/step: 1.143483
2021-12-14 08:33:42,315 - INFO: Train Epoch 44/50 Finished | Train Loss: 0.727937 | Train Acc: 0.747955
2021-12-14 08:34:53,923 - INFO: Val Epoch 44/50 Finished | Val Loss: 1.495655 | Val Acc: 0.611874
2021-12-14 08:35:55,211 - INFO:   Epoch: 45/50, Step: 48/408, Lr: 0.000065, Loss: 0.706805, Acc: 0.758789, Time/step: 0.299515
2021-12-14 08:39:54,060 - INFO:   Epoch: 45/50, Step: 248/408, Lr: 0.000060, Loss: 0.706446, Acc: 0.754883, Time/step: 1.194237
2021-12-14 08:43:07,566 - INFO: Train Epoch 45/50 Finished | Train Loss: 0.717743 | Train Acc: 0.750729
2021-12-14 08:44:21,506 - INFO: Val Epoch 45/50 Finished | Val Loss: 1.504893 | Val Acc: 0.611503
2021-12-14 08:45:14,405 - INFO:   Epoch: 46/50, Step: 40/408, Lr: 0.000054, Loss: 0.677774, Acc: 0.766113, Time/step: 0.256979
2021-12-14 08:49:07,902 - INFO:   Epoch: 46/50, Step: 240/408, Lr: 0.000049, Loss: 0.703733, Acc: 0.755859, Time/step: 1.167487
2021-12-14 08:52:22,470 - INFO: Train Epoch 46/50 Finished | Train Loss: 0.709170 | Train Acc: 0.754078
2021-12-14 08:53:37,587 - INFO: Val Epoch 46/50 Finished | Val Loss: 1.513571 | Val Acc: 0.611387
2021-12-14 08:54:17,164 - INFO:   Epoch: 47/50, Step: 32/408, Lr: 0.000044, Loss: 0.693375, Acc: 0.765625, Time/step: 0.191729
2021-12-14 08:57:59,658 - INFO:   Epoch: 47/50, Step: 232/408, Lr: 0.000038, Loss: 0.699617, Acc: 0.758789, Time/step: 1.112468
2021-12-14 09:01:28,405 - INFO: Train Epoch 47/50 Finished | Train Loss: 0.701506 | Train Acc: 0.756214
2021-12-14 09:02:43,457 - INFO: Val Epoch 47/50 Finished | Val Loss: 1.522688 | Val Acc: 0.610849
2021-12-14 09:03:16,184 - INFO:   Epoch: 48/50, Step: 24/408, Lr: 0.000033, Loss: 0.679110, Acc: 0.760254, Time/step: 0.156599
2021-12-14 09:07:13,954 - INFO:   Epoch: 48/50, Step: 224/408, Lr: 0.000027, Loss: 0.695100, Acc: 0.750000, Time/step: 1.188848
2021-12-14 09:10:58,443 - INFO: Train Epoch 48/50 Finished | Train Loss: 0.693953 | Train Acc: 0.758625
2021-12-14 09:12:11,201 - INFO: Val Epoch 48/50 Finished | Val Loss: 1.533029 | Val Acc: 0.610619
2021-12-14 09:12:33,145 - INFO:   Epoch: 49/50, Step: 16/408, Lr: 0.000022, Loss: 0.718271, Acc: 0.750000, Time/step: 0.103075
2021-12-14 09:16:28,915 - INFO:   Epoch: 49/50, Step: 216/408, Lr: 0.000016, Loss: 0.705208, Acc: 0.759277, Time/step: 1.178851
2021-12-14 09:20:10,391 - INFO: Train Epoch 49/50 Finished | Train Loss: 0.688021 | Train Acc: 0.760445
2021-12-14 09:21:23,106 - INFO: Val Epoch 49/50 Finished | Val Loss: 1.537288 | Val Acc: 0.610671
2021-12-14 09:21:35,982 - INFO:   Epoch: 50/50, Step: 8/408, Lr: 0.000011, Loss: 0.647130, Acc: 0.775391, Time/step: 0.057992
2021-12-14 09:25:31,205 - INFO:   Epoch: 50/50, Step: 208/408, Lr: 0.000005, Loss: 0.618567, Acc: 0.778809, Time/step: 1.176113
2021-12-14 09:29:04,873 - INFO:   Epoch: 50/50, Step: 408/408, Lr: -0.000000, Loss: 0.662880, Acc: 0.768694, Time/step: 1.068336
2021-12-14 09:29:04,875 - INFO: Train Epoch 50/50 Finished | Train Loss: 0.683582 | Train Acc: 0.762025
2021-12-14 09:30:03,001 - INFO: Val Epoch 50/50 Finished | Val Loss: 1.540799 | Val Acc: 0.610427
2021-12-14 09:30:03,001 - INFO: Best Epoch 18 | Train Loss: 1.075802 | Train Acc: 0.651913 | Val Loss: 1.217496 | Val Acc: 0.626704 
Using backend: pytorch
