################ Graph info: ###############
Graph(num_nodes=3655452, num_edges=32824102,
      ndata_schemes={}
      edata_schemes={})
################ Label info: ################
Total labels (including not labeled): 3655452
               Training label number: 835535
             Validation label number: 208882
                   Test label number: 592391
################ Feature info: ###############
Node's feature shape:torch.Size([3655452, 300])
Walk's feature shape:torch.Size([3655452, 128])
Edge's feature shape:torch.Size([3655452, 2])
2021-12-14 01:28:11,714 - INFO: Model = DouUniCMP(
  (InUniCMP): UniCMP(
    (graphsage): ModuleList(
      (0): GraphSageLayer(
        (graph): SAGEConv(
          (feat_drop): Dropout(p=0.0, inplace=False)
          (lstm): LSTM(300, 300, batch_first=True)
          (fc_self): Linear(in_features=300, out_features=512, bias=False)
          (fc_neigh): Linear(in_features=300, out_features=512, bias=False)
        )
        (norm): LayerNorm()
        (dropout): Dropout(p=0.0, inplace=False)
      )
      (1): GraphSageLayer(
        (graph): SAGEConv(
          (feat_drop): Dropout(p=0.0, inplace=False)
          (lstm): LSTM(512, 512, batch_first=True)
          (fc_self): Linear(in_features=512, out_features=512, bias=False)
          (fc_neigh): Linear(in_features=512, out_features=512, bias=False)
        )
        (norm): LayerNorm()
        (dropout): Dropout(p=0.0, inplace=False)
      )
    )
    (graphattn): ModuleList(
      (0): GraphAttnLayer(
        (graph): GATConv(
          (fc): Linear(in_features=300, out_features=512, bias=False)
          (feat_drop): Dropout(p=0.0, inplace=False)
          (attn_drop): Dropout(p=0, inplace=False)
          (leaky_relu): LeakyReLU(negative_slope=0.2)
        )
        (norm): LayerNorm()
        (dropout): Dropout(p=0.0, inplace=False)
      )
      (1): GraphAttnLayer(
        (graph): GATConv(
          (fc): Linear(in_features=512, out_features=512, bias=False)
          (feat_drop): Dropout(p=0.0, inplace=False)
          (attn_drop): Dropout(p=0, inplace=False)
          (leaky_relu): LeakyReLU(negative_slope=0.2)
        )
        (norm): LayerNorm()
        (dropout): Dropout(p=0.0, inplace=False)
      )
    )
    (graphskip): ModuleList(
      (0): ShortCutLayer(
        (graph): Linear(in_features=300, out_features=512, bias=True)
        (norm): LayerNorm()
        (dropout): Dropout(p=0.0, inplace=False)
      )
      (1): ShortCutLayer(
        (graph): Linear(in_features=300, out_features=512, bias=True)
        (norm): LayerNorm()
        (dropout): Dropout(p=0.0, inplace=False)
      )
      (2): ShortCutLayer(
        (graph): Linear(in_features=512, out_features=512, bias=True)
        (norm): LayerNorm()
        (dropout): Dropout(p=0.0, inplace=False)
      )
    )
    (attn_layers): ModuleList(
      (0): MultiHeadedAttention(
        (query): Linear(in_features=512, out_features=512, bias=True)
        (key): Linear(in_features=512, out_features=512, bias=True)
        (value): Linear(in_features=512, out_features=512, bias=True)
        (dropout): Dropout(p=0.0, inplace=False)
        (softmax): Softmax(dim=-1)
      )
      (1): MultiHeadedAttention(
        (query): Linear(in_features=512, out_features=512, bias=True)
        (key): Linear(in_features=512, out_features=512, bias=True)
        (value): Linear(in_features=512, out_features=512, bias=True)
        (dropout): Dropout(p=0.0, inplace=False)
        (softmax): Softmax(dim=-1)
      )
    )
    (norm_layers): ModuleList(
      (0): LayerNorm()
      (1): LayerNorm()
    )
    (label_embed): Embedding(24, 300, padding_idx=23)
    (feat_mlp): Sequential(
      (0): Linear(in_features=730, out_features=512, bias=True)
      (1): LayerNorm()
      (2): ReLU()
      (3): Dropout(p=0.2, inplace=False)
      (4): Linear(in_features=512, out_features=300, bias=True)
    )
    (label_dropout): Dropout(p=0.1, inplace=False)
    (feat_dropout): Dropout(p=0.05, inplace=False)
    (dropout): Dropout(p=0.2, inplace=False)
  )
  (OutUniCMP): UniCMP(
    (graphsage): ModuleList(
      (0): GraphSageLayer(
        (graph): SAGEConv(
          (feat_drop): Dropout(p=0.0, inplace=False)
          (lstm): LSTM(300, 300, batch_first=True)
          (fc_self): Linear(in_features=300, out_features=512, bias=False)
          (fc_neigh): Linear(in_features=300, out_features=512, bias=False)
        )
        (norm): LayerNorm()
        (dropout): Dropout(p=0.0, inplace=False)
      )
      (1): GraphSageLayer(
        (graph): SAGEConv(
          (feat_drop): Dropout(p=0.0, inplace=False)
          (lstm): LSTM(512, 512, batch_first=True)
          (fc_self): Linear(in_features=512, out_features=512, bias=False)
          (fc_neigh): Linear(in_features=512, out_features=512, bias=False)
        )
        (norm): LayerNorm()
        (dropout): Dropout(p=0.0, inplace=False)
      )
    )
    (graphattn): ModuleList(
      (0): GraphAttnLayer(
        (graph): GATConv(
          (fc): Linear(in_features=300, out_features=512, bias=False)
          (feat_drop): Dropout(p=0.0, inplace=False)
          (attn_drop): Dropout(p=0, inplace=False)
          (leaky_relu): LeakyReLU(negative_slope=0.2)
        )
        (norm): LayerNorm()
        (dropout): Dropout(p=0.0, inplace=False)
      )
      (1): GraphAttnLayer(
        (graph): GATConv(
          (fc): Linear(in_features=512, out_features=512, bias=False)
          (feat_drop): Dropout(p=0.0, inplace=False)
          (attn_drop): Dropout(p=0, inplace=False)
          (leaky_relu): LeakyReLU(negative_slope=0.2)
        )
        (norm): LayerNorm()
        (dropout): Dropout(p=0.0, inplace=False)
      )
    )
    (graphskip): ModuleList(
      (0): ShortCutLayer(
        (graph): Linear(in_features=300, out_features=512, bias=True)
        (norm): LayerNorm()
        (dropout): Dropout(p=0.0, inplace=False)
      )
      (1): ShortCutLayer(
        (graph): Linear(in_features=300, out_features=512, bias=True)
        (norm): LayerNorm()
        (dropout): Dropout(p=0.0, inplace=False)
      )
      (2): ShortCutLayer(
        (graph): Linear(in_features=512, out_features=512, bias=True)
        (norm): LayerNorm()
        (dropout): Dropout(p=0.0, inplace=False)
      )
    )
    (attn_layers): ModuleList(
      (0): MultiHeadedAttention(
        (query): Linear(in_features=512, out_features=512, bias=True)
        (key): Linear(in_features=512, out_features=512, bias=True)
        (value): Linear(in_features=512, out_features=512, bias=True)
        (dropout): Dropout(p=0.0, inplace=False)
        (softmax): Softmax(dim=-1)
      )
      (1): MultiHeadedAttention(
        (query): Linear(in_features=512, out_features=512, bias=True)
        (key): Linear(in_features=512, out_features=512, bias=True)
        (value): Linear(in_features=512, out_features=512, bias=True)
        (dropout): Dropout(p=0.0, inplace=False)
        (softmax): Softmax(dim=-1)
      )
    )
    (norm_layers): ModuleList(
      (0): LayerNorm()
      (1): LayerNorm()
    )
    (label_embed): Embedding(24, 300, padding_idx=23)
    (feat_mlp): Sequential(
      (0): Linear(in_features=730, out_features=512, bias=True)
      (1): LayerNorm()
      (2): ReLU()
      (3): Dropout(p=0.2, inplace=False)
      (4): Linear(in_features=512, out_features=300, bias=True)
    )
    (label_dropout): Dropout(p=0.1, inplace=False)
    (feat_dropout): Dropout(p=0.05, inplace=False)
    (dropout): Dropout(p=0.2, inplace=False)
  )
  (head): Sequential(
    (0): Linear(in_features=1024, out_features=512, bias=True)
    (1): LayerNorm()
    (2): ReLU()
    (3): Dropout(p=0.2, inplace=False)
    (4): Linear(in_features=512, out_features=23, bias=True)
  )
)
2021-12-14 01:28:11,715 - INFO: Model config = {'GNN_MODEL': 'unicmp', 'INPUT_SIZE': 300, 'NUM_LAYERS': 2, 'NUM_HEADS': 8, 'HIDDEN_SIZE': 512, 'NUM_CLASS': 23, 'LABEL_DROP': 0.1, 'FEAT_DORP': 0.05, 'GRAPH_DORP': 0.0, 'ATTN_DROP': 0.0, 'DROP': 0.2, 'USE_SAGE': True, 'USE_CONV': False, 'USE_ATTN': True, 'USE_RESNET': True, 'USE_DESNET': True, 'CHECKPOINT': ''}
2021-12-14 01:28:11,715 - INFO: Dataset config = {'SEED': 2021, 'DATA_PATH': '../dataset', 'DEEPWALK_PATH': 'czw_deep_walk2.npy', 'K_FOLD': 1, 'EPOCHS': 50, 'BATCH_SIZE': 2048, 'BIDIRECTED': False, 'LOG_STEP': 200, 'FANOUTS': [30, 30], 'IN_FANOUTS': [30, 30], 'OUT_FANOUTS': [50, 50], 'NUM_CLASS': 23, 'REPLACE_LABEL': 0.04, 'MASK_LABEL': 0.16, 'EDGE_DROP': 0.2, 'NUM_WORKERS': 2, 'GRADIENT_ACCUMULATION_STEPS': 1, 'NORM_FEATURE': False, 'OUT_PATH': '../dgl_model/dunicmp/unicmp_split1', 'MODEL_PREFIX': 'unicmp_split2', 'TEST_PREFIX': 'unicmp_split2'}
2021-12-14 01:28:11,715 - INFO: Optimizer config = {'LEARNING_RATE': 0.0005, 'COEF_LR': 1.0, 'SCHEDULE': 'warmup_linear', 'WEIGHT_DECAY': 0.0001, 'WARMUP_PROPORTION': 0.1}
2021-12-14 01:28:11,715 - INFO: Criterion config = {'LOSS_TYPE': 'CL', 'NUM_CLASS': 23, 'GAMMA_NEG': 4, 'GAMMA_POS': 1, 'SMOOTHING': 0.1}
2021-12-14 01:28:11,716 - INFO: Training parameters = 14072431
2021-12-14 01:28:11,716 - INFO: Model parameters = 14072431
2021-12-14 01:28:11,716 - INFO: Num steps = 20400
2021-12-14 01:34:39,573 - INFO:   Epoch: 1/50, Step: 200/408, Lr: 0.000049, Loss: 1.563363, Acc: 0.537598, Time/step: 1.927044
2021-12-14 01:40:57,981 - INFO:   Epoch: 1/50, Step: 400/408, Lr: 0.000098, Loss: 1.404123, Acc: 0.576660, Time/step: 1.892022
2021-12-14 01:41:16,697 - INFO: Train Epoch 1/50 Finished | Train Loss: 1.689591 | Train Acc: 0.508893
2021-12-14 01:43:54,291 - INFO: Val Epoch 1/50 Finished | Val Loss: 1.348180 | Val Acc: 0.590682
2021-12-14 01:50:02,471 - INFO:   Epoch: 2/50, Step: 192/408, Lr: 0.000147, Loss: 1.420072, Acc: 0.565918, Time/step: 1.826364
2021-12-14 01:55:40,579 - INFO:   Epoch: 2/50, Step: 392/408, Lr: 0.000196, Loss: 1.354004, Acc: 0.583984, Time/step: 1.690535
2021-12-14 01:56:07,724 - INFO: Train Epoch 2/50 Finished | Train Loss: 1.377524 | Train Acc: 0.581010
2021-12-14 01:58:21,985 - INFO: Val Epoch 2/50 Finished | Val Loss: 1.286880 | Val Acc: 0.602330
2021-12-14 02:04:28,089 - INFO:   Epoch: 3/50, Step: 184/408, Lr: 0.000245, Loss: 1.325240, Acc: 0.586914, Time/step: 1.814975
2021-12-14 02:10:41,751 - INFO:   Epoch: 3/50, Step: 384/408, Lr: 0.000294, Loss: 1.282629, Acc: 0.595703, Time/step: 1.868309
2021-12-14 02:11:28,840 - INFO: Train Epoch 3/50 Finished | Train Loss: 1.323222 | Train Acc: 0.593921
2021-12-14 02:13:56,251 - INFO: Val Epoch 3/50 Finished | Val Loss: 1.262427 | Val Acc: 0.607816
2021-12-14 02:19:20,255 - INFO:   Epoch: 4/50, Step: 176/408, Lr: 0.000343, Loss: 1.327701, Acc: 0.580078, Time/step: 1.607240
2021-12-14 02:25:42,066 - INFO:   Epoch: 4/50, Step: 376/408, Lr: 0.000392, Loss: 1.307838, Acc: 0.599609, Time/step: 1.909053
2021-12-14 02:26:43,301 - INFO: Train Epoch 4/50 Finished | Train Loss: 1.291146 | Train Acc: 0.601110
2021-12-14 02:29:14,767 - INFO: Val Epoch 4/50 Finished | Val Loss: 1.261237 | Val Acc: 0.607721
2021-12-14 02:34:27,852 - INFO:   Epoch: 5/50, Step: 168/408, Lr: 0.000441, Loss: 1.265382, Acc: 0.606934, Time/step: 1.556207
2021-12-14 02:40:24,750 - INFO:   Epoch: 5/50, Step: 368/408, Lr: 0.000490, Loss: 1.292490, Acc: 0.596191, Time/step: 1.784491
2021-12-14 02:41:35,832 - INFO: Train Epoch 5/50 Finished | Train Loss: 1.268805 | Train Acc: 0.607011
2021-12-14 02:44:47,355 - INFO: Val Epoch 5/50 Finished | Val Loss: 1.244454 | Val Acc: 0.612082
2021-12-14 02:49:42,058 - INFO:   Epoch: 6/50, Step: 160/408, Lr: 0.000496, Loss: 1.190007, Acc: 0.628418, Time/step: 1.464043
2021-12-14 02:55:45,833 - INFO:   Epoch: 6/50, Step: 360/408, Lr: 0.000490, Loss: 1.255421, Acc: 0.609375, Time/step: 1.818713
2021-12-14 02:57:13,453 - INFO: Train Epoch 6/50 Finished | Train Loss: 1.248353 | Train Acc: 0.612330
2021-12-14 02:59:33,852 - INFO: Val Epoch 6/50 Finished | Val Loss: 1.234214 | Val Acc: 0.614198
2021-12-14 03:04:08,342 - INFO:   Epoch: 7/50, Step: 152/408, Lr: 0.000485, Loss: 1.164347, Acc: 0.632324, Time/step: 1.357788
2021-12-14 03:10:20,064 - INFO:   Epoch: 7/50, Step: 352/408, Lr: 0.000479, Loss: 1.230591, Acc: 0.610352, Time/step: 1.858612
2021-12-14 03:12:08,705 - INFO: Train Epoch 7/50 Finished | Train Loss: 1.227067 | Train Acc: 0.617093
2021-12-14 03:14:47,565 - INFO: Val Epoch 7/50 Finished | Val Loss: 1.230767 | Val Acc: 0.614204
2021-12-14 03:19:34,848 - INFO:   Epoch: 8/50, Step: 144/408, Lr: 0.000474, Loss: 1.273014, Acc: 0.609375, Time/step: 1.421251
2021-12-14 03:25:57,481 - INFO:   Epoch: 8/50, Step: 344/408, Lr: 0.000468, Loss: 1.228338, Acc: 0.619629, Time/step: 1.913159
2021-12-14 03:27:57,494 - INFO: Train Epoch 8/50 Finished | Train Loss: 1.209917 | Train Acc: 0.621223
2021-12-14 03:30:24,421 - INFO: Val Epoch 8/50 Finished | Val Loss: 1.225486 | Val Acc: 0.616688
2021-12-14 03:34:54,225 - INFO:   Epoch: 9/50, Step: 136/408, Lr: 0.000463, Loss: 1.211657, Acc: 0.621582, Time/step: 1.336731
2021-12-14 03:40:41,253 - INFO:   Epoch: 9/50, Step: 336/408, Lr: 0.000458, Loss: 1.203574, Acc: 0.611816, Time/step: 1.735140
2021-12-14 03:42:19,266 - INFO: Train Epoch 9/50 Finished | Train Loss: 1.194672 | Train Acc: 0.624434
2021-12-14 03:44:05,165 - INFO: Val Epoch 9/50 Finished | Val Loss: 1.217363 | Val Acc: 0.618738
2021-12-14 03:47:25,681 - INFO:   Epoch: 10/50, Step: 128/408, Lr: 0.000452, Loss: 1.224384, Acc: 0.619141, Time/step: 0.994073
2021-12-14 03:52:00,833 - INFO:   Epoch: 10/50, Step: 328/408, Lr: 0.000447, Loss: 1.212304, Acc: 0.621094, Time/step: 1.375759
2021-12-14 03:53:50,414 - INFO: Train Epoch 10/50 Finished | Train Loss: 1.180927 | Train Acc: 0.627515
2021-12-14 03:55:45,688 - INFO: Val Epoch 10/50 Finished | Val Loss: 1.212349 | Val Acc: 0.619315
2021-12-14 03:58:38,350 - INFO:   Epoch: 11/50, Step: 120/408, Lr: 0.000441, Loss: 1.191755, Acc: 0.621582, Time/step: 0.855104
2021-12-14 04:03:09,991 - INFO:   Epoch: 11/50, Step: 320/408, Lr: 0.000436, Loss: 1.110946, Acc: 0.642578, Time/step: 1.358176
2021-12-14 04:05:19,043 - INFO: Train Epoch 11/50 Finished | Train Loss: 1.166594 | Train Acc: 0.630739
2021-12-14 04:07:03,166 - INFO: Val Epoch 11/50 Finished | Val Loss: 1.215127 | Val Acc: 0.619714
2021-12-14 04:09:45,923 - INFO:   Epoch: 12/50, Step: 112/408, Lr: 0.000430, Loss: 1.104254, Acc: 0.642090, Time/step: 0.803125
2021-12-14 04:14:25,731 - INFO:   Epoch: 12/50, Step: 312/408, Lr: 0.000425, Loss: 1.164142, Acc: 0.625977, Time/step: 1.399040
2021-12-14 04:16:41,566 - INFO: Train Epoch 12/50 Finished | Train Loss: 1.154303 | Train Acc: 0.633891
2021-12-14 04:18:25,737 - INFO: Val Epoch 12/50 Finished | Val Loss: 1.211768 | Val Acc: 0.621399
2021-12-14 04:20:58,692 - INFO:   Epoch: 13/50, Step: 104/408, Lr: 0.000419, Loss: 1.141582, Acc: 0.637207, Time/step: 0.754977
2021-12-14 04:25:51,046 - INFO:   Epoch: 13/50, Step: 304/408, Lr: 0.000414, Loss: 1.102141, Acc: 0.639648, Time/step: 1.461765
2021-12-14 04:28:11,937 - INFO: Train Epoch 13/50 Finished | Train Loss: 1.139639 | Train Acc: 0.637515
2021-12-14 04:29:52,482 - INFO: Val Epoch 13/50 Finished | Val Loss: 1.214460 | Val Acc: 0.621609
2021-12-14 04:32:20,399 - INFO:   Epoch: 14/50, Step: 96/408, Lr: 0.000408, Loss: 1.095889, Acc: 0.654785, Time/step: 0.730419
2021-12-14 04:36:58,206 - INFO:   Epoch: 14/50, Step: 296/408, Lr: 0.000403, Loss: 1.128231, Acc: 0.640137, Time/step: 1.389001
2021-12-14 04:39:33,682 - INFO: Train Epoch 14/50 Finished | Train Loss: 1.126555 | Train Acc: 0.640270
2021-12-14 04:41:27,067 - INFO: Val Epoch 14/50 Finished | Val Loss: 1.213365 | Val Acc: 0.621815
2021-12-14 04:43:46,650 - INFO:   Epoch: 15/50, Step: 88/408, Lr: 0.000398, Loss: 1.082649, Acc: 0.648926, Time/step: 0.686657
2021-12-14 04:48:15,547 - INFO:   Epoch: 15/50, Step: 288/408, Lr: 0.000392, Loss: 1.182332, Acc: 0.623047, Time/step: 1.344481
2021-12-14 04:51:03,726 - INFO: Train Epoch 15/50 Finished | Train Loss: 1.114114 | Train Acc: 0.643049
2021-12-14 04:52:49,130 - INFO: Val Epoch 15/50 Finished | Val Loss: 1.214529 | Val Acc: 0.621327
2021-12-14 04:54:47,327 - INFO:   Epoch: 16/50, Step: 80/408, Lr: 0.000387, Loss: 1.090948, Acc: 0.640137, Time/step: 0.582491
2021-12-14 04:59:21,486 - INFO:   Epoch: 16/50, Step: 280/408, Lr: 0.000381, Loss: 1.135964, Acc: 0.625000, Time/step: 1.370797
2021-12-14 05:02:23,733 - INFO: Train Epoch 16/50 Finished | Train Loss: 1.099893 | Train Acc: 0.646407
2021-12-14 05:03:57,887 - INFO: Val Epoch 16/50 Finished | Val Loss: 1.220423 | Val Acc: 0.622185
2021-12-14 05:05:50,304 - INFO:   Epoch: 17/50, Step: 72/408, Lr: 0.000376, Loss: 1.035761, Acc: 0.668945, Time/step: 0.551182
2021-12-14 05:10:38,380 - INFO:   Epoch: 17/50, Step: 272/408, Lr: 0.000370, Loss: 1.089141, Acc: 0.656250, Time/step: 1.440379
2021-12-14 05:13:38,640 - INFO: Train Epoch 17/50 Finished | Train Loss: 1.087219 | Train Acc: 0.649449
2021-12-14 05:15:17,036 - INFO: Val Epoch 17/50 Finished | Val Loss: 1.222535 | Val Acc: 0.624296
2021-12-14 05:16:54,289 - INFO:   Epoch: 18/50, Step: 64/408, Lr: 0.000365, Loss: 1.083342, Acc: 0.640625, Time/step: 0.478465
2021-12-14 05:21:41,050 - INFO:   Epoch: 18/50, Step: 264/408, Lr: 0.000359, Loss: 1.078689, Acc: 0.650391, Time/step: 1.433802
2021-12-14 05:24:56,989 - INFO: Train Epoch 18/50 Finished | Train Loss: 1.072608 | Train Acc: 0.653207
2021-12-14 05:26:39,120 - INFO: Val Epoch 18/50 Finished | Val Loss: 1.226177 | Val Acc: 0.621840
2021-12-14 05:28:04,676 - INFO:   Epoch: 19/50, Step: 56/408, Lr: 0.000354, Loss: 1.101611, Acc: 0.658203, Time/step: 0.421005
2021-12-14 05:32:42,727 - INFO:   Epoch: 19/50, Step: 256/408, Lr: 0.000349, Loss: 1.092110, Acc: 0.644043, Time/step: 1.390254
2021-12-14 05:36:13,668 - INFO: Train Epoch 19/50 Finished | Train Loss: 1.058992 | Train Acc: 0.656116
2021-12-14 05:37:51,375 - INFO: Val Epoch 19/50 Finished | Val Loss: 1.227364 | Val Acc: 0.621720
2021-12-14 05:39:04,189 - INFO:   Epoch: 20/50, Step: 48/408, Lr: 0.000343, Loss: 1.006721, Acc: 0.673340, Time/step: 0.355824
2021-12-14 05:43:41,244 - INFO:   Epoch: 20/50, Step: 248/408, Lr: 0.000338, Loss: 1.037080, Acc: 0.657227, Time/step: 1.385273
2021-12-14 05:47:30,695 - INFO: Train Epoch 20/50 Finished | Train Loss: 1.046093 | Train Acc: 0.659622
2021-12-14 05:49:08,739 - INFO: Val Epoch 20/50 Finished | Val Loss: 1.229754 | Val Acc: 0.622515
2021-12-14 05:50:11,437 - INFO:   Epoch: 21/50, Step: 40/408, Lr: 0.000332, Loss: 0.988950, Acc: 0.679199, Time/step: 0.304846
2021-12-14 05:55:01,620 - INFO:   Epoch: 21/50, Step: 240/408, Lr: 0.000327, Loss: 1.030562, Acc: 0.666504, Time/step: 1.450914
2021-12-14 05:58:55,409 - INFO: Train Epoch 21/50 Finished | Train Loss: 1.031497 | Train Acc: 0.662869
2021-12-14 06:00:27,882 - INFO: Val Epoch 21/50 Finished | Val Loss: 1.238584 | Val Acc: 0.623681
2021-12-14 06:01:16,429 - INFO:   Epoch: 22/50, Step: 32/408, Lr: 0.000321, Loss: 1.078189, Acc: 0.651855, Time/step: 0.235351
2021-12-14 06:06:13,369 - INFO:   Epoch: 22/50, Step: 232/408, Lr: 0.000316, Loss: 1.012753, Acc: 0.688477, Time/step: 1.484646
2021-12-14 06:10:11,486 - INFO: Train Epoch 22/50 Finished | Train Loss: 1.017793 | Train Acc: 0.666092
2021-12-14 06:11:44,419 - INFO: Val Epoch 22/50 Finished | Val Loss: 1.247708 | Val Acc: 0.621795
2021-12-14 06:12:27,932 - INFO:   Epoch: 23/50, Step: 24/408, Lr: 0.000310, Loss: 0.985902, Acc: 0.670898, Time/step: 0.210125
2021-12-14 06:17:18,238 - INFO:   Epoch: 23/50, Step: 224/408, Lr: 0.000305, Loss: 0.993091, Acc: 0.671875, Time/step: 1.451530
2021-12-14 06:21:30,902 - INFO: Train Epoch 23/50 Finished | Train Loss: 1.002015 | Train Acc: 0.669892
2021-12-14 06:23:09,356 - INFO: Val Epoch 23/50 Finished | Val Loss: 1.247527 | Val Acc: 0.621533
2021-12-14 06:23:38,437 - INFO:   Epoch: 24/50, Step: 16/408, Lr: 0.000300, Loss: 0.935696, Acc: 0.689941, Time/step: 0.137958
2021-12-14 06:28:19,824 - INFO:   Epoch: 24/50, Step: 216/408, Lr: 0.000294, Loss: 1.008806, Acc: 0.665527, Time/step: 1.406932
2021-12-14 06:32:49,457 - INFO: Train Epoch 24/50 Finished | Train Loss: 0.987953 | Train Acc: 0.674047
2021-12-14 06:34:30,622 - INFO: Val Epoch 24/50 Finished | Val Loss: 1.260537 | Val Acc: 0.621178
2021-12-14 06:34:45,270 - INFO:   Epoch: 25/50, Step: 8/408, Lr: 0.000289, Loss: 0.973207, Acc: 0.673828, Time/step: 0.065634
2021-12-14 06:39:30,657 - INFO:   Epoch: 25/50, Step: 208/408, Lr: 0.000283, Loss: 0.975244, Acc: 0.673828, Time/step: 1.426906
2021-12-14 06:44:10,306 - INFO:   Epoch: 25/50, Step: 408/408, Lr: 0.000278, Loss: 0.978294, Acc: 0.676838, Time/step: 1.398244
2021-12-14 06:44:10,319 - INFO: Train Epoch 25/50 Finished | Train Loss: 0.974412 | Train Acc: 0.677107
2021-12-14 06:45:39,470 - INFO: Val Epoch 25/50 Finished | Val Loss: 1.269269 | Val Acc: 0.621466
2021-12-14 06:50:31,424 - INFO:   Epoch: 26/50, Step: 200/408, Lr: 0.000272, Loss: 0.948584, Acc: 0.686035, Time/step: 1.452621
2021-12-14 06:55:12,093 - INFO:   Epoch: 26/50, Step: 400/408, Lr: 0.000267, Loss: 0.964427, Acc: 0.669922, Time/step: 1.403344
2021-12-14 06:55:24,356 - INFO: Train Epoch 26/50 Finished | Train Loss: 0.959162 | Train Acc: 0.681284
2021-12-14 06:57:00,875 - INFO: Val Epoch 26/50 Finished | Val Loss: 1.280786 | Val Acc: 0.620526
2021-12-14 07:01:51,741 - INFO:   Epoch: 27/50, Step: 192/408, Lr: 0.000261, Loss: 0.905979, Acc: 0.697266, Time/step: 1.446463
2021-12-14 07:06:20,225 - INFO:   Epoch: 27/50, Step: 392/408, Lr: 0.000256, Loss: 0.939862, Acc: 0.681152, Time/step: 1.342417
2021-12-14 07:06:42,836 - INFO: Train Epoch 27/50 Finished | Train Loss: 0.946520 | Train Acc: 0.684109
2021-12-14 07:08:18,591 - INFO: Val Epoch 27/50 Finished | Val Loss: 1.279191 | Val Acc: 0.621217
2021-12-14 07:12:48,572 - INFO:   Epoch: 28/50, Step: 184/408, Lr: 0.000251, Loss: 0.946605, Acc: 0.692383, Time/step: 1.341893
2021-12-14 07:17:27,483 - INFO:   Epoch: 28/50, Step: 384/408, Lr: 0.000245, Loss: 0.925969, Acc: 0.697754, Time/step: 1.394351
2021-12-14 07:18:00,409 - INFO: Train Epoch 28/50 Finished | Train Loss: 0.930298 | Train Acc: 0.688570
2021-12-14 07:19:35,180 - INFO: Val Epoch 28/50 Finished | Val Loss: 1.299215 | Val Acc: 0.618959
2021-12-14 07:23:57,070 - INFO:   Epoch: 29/50, Step: 176/408, Lr: 0.000240, Loss: 0.968962, Acc: 0.679688, Time/step: 1.300103
2021-12-14 07:28:37,962 - INFO:   Epoch: 29/50, Step: 376/408, Lr: 0.000234, Loss: 0.902991, Acc: 0.695312, Time/step: 1.404458
2021-12-14 07:29:24,138 - INFO: Train Epoch 29/50 Finished | Train Loss: 0.916798 | Train Acc: 0.692268
2021-12-14 07:30:59,608 - INFO: Val Epoch 29/50 Finished | Val Loss: 1.308389 | Val Acc: 0.618420
2021-12-14 07:35:03,274 - INFO:   Epoch: 30/50, Step: 168/408, Lr: 0.000229, Loss: 0.921836, Acc: 0.686523, Time/step: 1.211647
2021-12-14 07:39:39,898 - INFO:   Epoch: 30/50, Step: 368/408, Lr: 0.000223, Loss: 0.972580, Acc: 0.675781, Time/step: 1.383106
2021-12-14 07:40:36,226 - INFO: Train Epoch 30/50 Finished | Train Loss: 0.901169 | Train Acc: 0.696596
2021-12-14 07:42:07,045 - INFO: Val Epoch 30/50 Finished | Val Loss: 1.326413 | Val Acc: 0.617709
2021-12-14 07:46:09,070 - INFO:   Epoch: 31/50, Step: 160/408, Lr: 0.000218, Loss: 0.914380, Acc: 0.692871, Time/step: 1.203369
2021-12-14 07:50:48,272 - INFO:   Epoch: 31/50, Step: 360/408, Lr: 0.000212, Loss: 0.887228, Acc: 0.701172, Time/step: 1.395996
2021-12-14 07:51:53,958 - INFO: Train Epoch 31/50 Finished | Train Loss: 0.886702 | Train Acc: 0.700658
2021-12-14 07:53:24,407 - INFO: Val Epoch 31/50 Finished | Val Loss: 1.328696 | Val Acc: 0.616866
2021-12-14 07:57:12,133 - INFO:   Epoch: 32/50, Step: 152/408, Lr: 0.000207, Loss: 0.869452, Acc: 0.698730, Time/step: 1.131013
2021-12-14 08:01:57,925 - INFO:   Epoch: 32/50, Step: 352/408, Lr: 0.000202, Loss: 0.870803, Acc: 0.706543, Time/step: 1.428957
2021-12-14 08:03:19,999 - INFO: Train Epoch 32/50 Finished | Train Loss: 0.873730 | Train Acc: 0.704605
2021-12-14 08:04:57,103 - INFO: Val Epoch 32/50 Finished | Val Loss: 1.348457 | Val Acc: 0.615918
2021-12-14 08:08:38,247 - INFO:   Epoch: 33/50, Step: 144/408, Lr: 0.000196, Loss: 0.827543, Acc: 0.715820, Time/step: 1.099274
2021-12-14 08:13:19,079 - INFO:   Epoch: 33/50, Step: 344/408, Lr: 0.000191, Loss: 0.856395, Acc: 0.702637, Time/step: 1.404160
2021-12-14 08:14:44,082 - INFO: Train Epoch 33/50 Finished | Train Loss: 0.859222 | Train Acc: 0.709036
2021-12-14 08:16:26,219 - INFO: Val Epoch 33/50 Finished | Val Loss: 1.354762 | Val Acc: 0.615525
2021-12-14 08:19:49,025 - INFO:   Epoch: 34/50, Step: 136/408, Lr: 0.000185, Loss: 0.829279, Acc: 0.716309, Time/step: 1.007331
2021-12-14 08:24:30,773 - INFO:   Epoch: 34/50, Step: 336/408, Lr: 0.000180, Loss: 0.859139, Acc: 0.705078, Time/step: 1.408739
2021-12-14 08:26:19,718 - INFO: Train Epoch 34/50 Finished | Train Loss: 0.845667 | Train Acc: 0.712420
2021-12-14 08:27:52,706 - INFO: Val Epoch 34/50 Finished | Val Loss: 1.367558 | Val Acc: 0.614753
2021-12-14 08:31:09,195 - INFO:   Epoch: 35/50, Step: 128/408, Lr: 0.000174, Loss: 0.882149, Acc: 0.697754, Time/step: 0.974741
2021-12-14 08:35:51,445 - INFO:   Epoch: 35/50, Step: 328/408, Lr: 0.000169, Loss: 0.814547, Acc: 0.735352, Time/step: 1.411248
2021-12-14 08:37:39,963 - INFO: Train Epoch 35/50 Finished | Train Loss: 0.831720 | Train Acc: 0.716652
2021-12-14 08:39:11,959 - INFO: Val Epoch 35/50 Finished | Val Loss: 1.386749 | Val Acc: 0.613686
2021-12-14 08:42:12,430 - INFO:   Epoch: 36/50, Step: 120/408, Lr: 0.000163, Loss: 0.817329, Acc: 0.713867, Time/step: 0.896642
2021-12-14 08:46:52,113 - INFO:   Epoch: 36/50, Step: 320/408, Lr: 0.000158, Loss: 0.837092, Acc: 0.713867, Time/step: 1.398412
2021-12-14 08:48:47,102 - INFO: Train Epoch 36/50 Finished | Train Loss: 0.819106 | Train Acc: 0.719875
2021-12-14 08:50:29,962 - INFO: Val Epoch 36/50 Finished | Val Loss: 1.391912 | Val Acc: 0.613915
2021-12-14 08:53:17,924 - INFO:   Epoch: 37/50, Step: 112/408, Lr: 0.000153, Loss: 0.778637, Acc: 0.743164, Time/step: 0.833421
2021-12-14 08:58:04,729 - INFO:   Epoch: 37/50, Step: 312/408, Lr: 0.000147, Loss: 0.804671, Acc: 0.710938, Time/step: 1.434023
2021-12-14 09:00:22,086 - INFO: Train Epoch 37/50 Finished | Train Loss: 0.805751 | Train Acc: 0.723872
2021-12-14 09:01:57,415 - INFO: Val Epoch 37/50 Finished | Val Loss: 1.405984 | Val Acc: 0.612886
2021-12-14 09:04:37,212 - INFO:   Epoch: 38/50, Step: 104/408, Lr: 0.000142, Loss: 0.807652, Acc: 0.726562, Time/step: 0.790687
2021-12-14 09:09:14,575 - INFO:   Epoch: 38/50, Step: 304/408, Lr: 0.000136, Loss: 0.783997, Acc: 0.731934, Time/step: 1.386815
2021-12-14 09:11:42,974 - INFO: Train Epoch 38/50 Finished | Train Loss: 0.793825 | Train Acc: 0.727763
2021-12-14 09:13:17,550 - INFO: Val Epoch 38/50 Finished | Val Loss: 1.420800 | Val Acc: 0.612318
2021-12-14 09:15:33,257 - INFO:   Epoch: 39/50, Step: 96/408, Lr: 0.000131, Loss: 0.766193, Acc: 0.736328, Time/step: 0.670109
2021-12-14 09:20:02,134 - INFO:   Epoch: 39/50, Step: 296/408, Lr: 0.000125, Loss: 0.799908, Acc: 0.729004, Time/step: 1.344381
2021-12-14 09:22:39,579 - INFO: Train Epoch 39/50 Finished | Train Loss: 0.780268 | Train Acc: 0.731882
2021-12-14 09:24:09,463 - INFO: Val Epoch 39/50 Finished | Val Loss: 1.433184 | Val Acc: 0.611939
2021-12-14 09:26:22,859 - INFO:   Epoch: 40/50, Step: 88/408, Lr: 0.000120, Loss: 0.762099, Acc: 0.735352, Time/step: 0.660153
2021-12-14 09:30:37,638 - INFO:   Epoch: 40/50, Step: 288/408, Lr: 0.000114, Loss: 0.764667, Acc: 0.742676, Time/step: 1.273846
2021-12-14 09:32:44,341 - INFO: Train Epoch 40/50 Finished | Train Loss: 0.768276 | Train Acc: 0.735155
2021-12-14 09:33:52,357 - INFO: Val Epoch 40/50 Finished | Val Loss: 1.449031 | Val Acc: 0.611053
2021-12-14 09:35:25,571 - INFO:   Epoch: 41/50, Step: 80/408, Lr: 0.000109, Loss: 0.753621, Acc: 0.734863, Time/step: 0.460190
2021-12-14 09:39:03,450 - INFO:   Epoch: 41/50, Step: 280/408, Lr: 0.000103, Loss: 0.762932, Acc: 0.732422, Time/step: 1.089391
2021-12-14 09:41:19,948 - INFO: Train Epoch 41/50 Finished | Train Loss: 0.757078 | Train Acc: 0.738906
2021-12-14 09:42:28,269 - INFO: Val Epoch 41/50 Finished | Val Loss: 1.459023 | Val Acc: 0.610603
2021-12-14 09:43:51,095 - INFO:   Epoch: 42/50, Step: 72/408, Lr: 0.000098, Loss: 0.709243, Acc: 0.756836, Time/step: 0.407570
2021-12-14 09:47:24,239 - INFO:   Epoch: 42/50, Step: 272/408, Lr: 0.000093, Loss: 0.738389, Acc: 0.745605, Time/step: 1.065717
2021-12-14 09:49:41,206 - INFO: Train Epoch 42/50 Finished | Train Loss: 0.746358 | Train Acc: 0.742281
2021-12-14 09:50:44,100 - INFO: Val Epoch 42/50 Finished | Val Loss: 1.468746 | Val Acc: 0.611211
2021-12-14 09:51:55,646 - INFO:   Epoch: 43/50, Step: 64/408, Lr: 0.000087, Loss: 0.742047, Acc: 0.747559, Time/step: 0.350046
2021-12-14 09:55:33,608 - INFO:   Epoch: 43/50, Step: 264/408, Lr: 0.000082, Loss: 0.767059, Acc: 0.726074, Time/step: 1.089805
2021-12-14 09:58:02,361 - INFO: Train Epoch 43/50 Finished | Train Loss: 0.735783 | Train Acc: 0.745889
2021-12-14 09:59:06,740 - INFO: Val Epoch 43/50 Finished | Val Loss: 1.485415 | Val Acc: 0.608741
2021-12-14 10:00:11,617 - INFO:   Epoch: 44/50, Step: 56/408, Lr: 0.000076, Loss: 0.738152, Acc: 0.746582, Time/step: 0.318389
2021-12-14 10:03:56,351 - INFO:   Epoch: 44/50, Step: 256/408, Lr: 0.000071, Loss: 0.758730, Acc: 0.742188, Time/step: 1.123668
2021-12-14 10:06:33,654 - INFO: Train Epoch 44/50 Finished | Train Loss: 0.726727 | Train Acc: 0.748541
2021-12-14 10:07:39,062 - INFO: Val Epoch 44/50 Finished | Val Loss: 1.492853 | Val Acc: 0.609128
2021-12-14 10:08:34,606 - INFO:   Epoch: 45/50, Step: 48/408, Lr: 0.000065, Loss: 0.693806, Acc: 0.756348, Time/step: 0.270919
2021-12-14 10:12:19,293 - INFO:   Epoch: 45/50, Step: 248/408, Lr: 0.000060, Loss: 0.748168, Acc: 0.748535, Time/step: 1.123429
2021-12-14 10:15:07,582 - INFO: Train Epoch 45/50 Finished | Train Loss: 0.716845 | Train Acc: 0.751650
2021-12-14 10:16:11,458 - INFO: Val Epoch 45/50 Finished | Val Loss: 1.506011 | Val Acc: 0.608870
2021-12-14 10:16:55,464 - INFO:   Epoch: 46/50, Step: 40/408, Lr: 0.000054, Loss: 0.691727, Acc: 0.755859, Time/step: 0.213572
2021-12-14 10:20:38,219 - INFO:   Epoch: 46/50, Step: 240/408, Lr: 0.000049, Loss: 0.733890, Acc: 0.744629, Time/step: 1.113776
2021-12-14 10:23:34,917 - INFO: Train Epoch 46/50 Finished | Train Loss: 0.708502 | Train Acc: 0.753796
2021-12-14 10:24:42,667 - INFO: Val Epoch 46/50 Finished | Val Loss: 1.509943 | Val Acc: 0.607519
2021-12-14 10:25:20,667 - INFO:   Epoch: 47/50, Step: 32/408, Lr: 0.000044, Loss: 0.742219, Acc: 0.742188, Time/step: 0.183298
2021-12-14 10:29:07,910 - INFO:   Epoch: 47/50, Step: 232/408, Lr: 0.000038, Loss: 0.690892, Acc: 0.757324, Time/step: 1.136211
2021-12-14 10:32:15,109 - INFO: Train Epoch 47/50 Finished | Train Loss: 0.701722 | Train Acc: 0.756239
2021-12-14 10:33:19,597 - INFO: Val Epoch 47/50 Finished | Val Loss: 1.519647 | Val Acc: 0.607970
2021-12-14 10:33:49,524 - INFO:   Epoch: 48/50, Step: 24/408, Lr: 0.000033, Loss: 0.702531, Acc: 0.758789, Time/step: 0.142894
2021-12-14 10:37:49,147 - INFO:   Epoch: 48/50, Step: 224/408, Lr: 0.000027, Loss: 0.662991, Acc: 0.766602, Time/step: 1.198115
2021-12-14 10:41:37,031 - INFO: Train Epoch 48/50 Finished | Train Loss: 0.693199 | Train Acc: 0.759117
2021-12-14 10:43:13,722 - INFO: Val Epoch 48/50 Finished | Val Loss: 1.531033 | Val Acc: 0.607214
2021-12-14 10:43:40,403 - INFO:   Epoch: 49/50, Step: 16/408, Lr: 0.000022, Loss: 0.711944, Acc: 0.753418, Time/step: 0.124450
2021-12-14 10:48:34,581 - INFO:   Epoch: 49/50, Step: 216/408, Lr: 0.000016, Loss: 0.684285, Acc: 0.767090, Time/step: 1.470884
2021-12-14 10:53:28,894 - INFO: Train Epoch 49/50 Finished | Train Loss: 0.686869 | Train Acc: 0.760530
2021-12-14 10:55:08,497 - INFO: Val Epoch 49/50 Finished | Val Loss: 1.534573 | Val Acc: 0.607449
2021-12-14 10:55:24,998 - INFO:   Epoch: 50/50, Step: 8/408, Lr: 0.000011, Loss: 0.692184, Acc: 0.755371, Time/step: 0.074652
2021-12-14 11:00:26,366 - INFO:   Epoch: 50/50, Step: 208/408, Lr: 0.000005, Loss: 0.670351, Acc: 0.766113, Time/step: 1.506839
2021-12-14 11:05:19,853 - INFO:   Epoch: 50/50, Step: 408/408, Lr: -0.000000, Loss: 0.687921, Acc: 0.759880, Time/step: 1.467432
2021-12-14 11:05:19,856 - INFO: Train Epoch 50/50 Finished | Train Loss: 0.682390 | Train Acc: 0.762181
2021-12-14 11:07:13,045 - INFO: Val Epoch 50/50 Finished | Val Loss: 1.539095 | Val Acc: 0.607377
2021-12-14 11:07:13,045 - INFO: Best Epoch 17 | Train Loss: 1.087219 | Train Acc: 0.649449 | Val Loss: 1.222535 | Val Acc: 0.624296 
Using backend: pytorch
