################ Graph info: ###############
Graph(num_nodes=3655452, num_edges=61832630,
      ndata_schemes={}
      edata_schemes={})
################ Label info: ################
Total labels (including not labeled): 3655452
               Training label number: 835542
             Validation label number: 208875
                   Test label number: 592391
################ Feature info: ###############
Node's feature shape:torch.Size([3655452, 300])
Walk's feature shape:torch.Size([3655452, 128])
Edge's feature shape:torch.Size([3655452, 2])
2021-12-14 10:39:46,444 - INFO: Model = UniCMP(
  (graphsage): ModuleList(
    (0): GraphSageLayer(
      (graph): SAGEConv(
        (feat_drop): Dropout(p=0.0, inplace=False)
        (lstm): LSTM(300, 300, batch_first=True)
        (fc_self): Linear(in_features=300, out_features=512, bias=False)
        (fc_neigh): Linear(in_features=300, out_features=512, bias=False)
      )
      (norm): LayerNorm()
      (dropout): Dropout(p=0.0, inplace=False)
    )
    (1): GraphSageLayer(
      (graph): SAGEConv(
        (feat_drop): Dropout(p=0.0, inplace=False)
        (lstm): LSTM(512, 512, batch_first=True)
        (fc_self): Linear(in_features=512, out_features=512, bias=False)
        (fc_neigh): Linear(in_features=512, out_features=512, bias=False)
      )
      (norm): LayerNorm()
      (dropout): Dropout(p=0.0, inplace=False)
    )
  )
  (graphattn): ModuleList(
    (0): GraphAttnLayer(
      (graph): GATv2Conv(
        (fc_src): Linear(in_features=300, out_features=512, bias=True)
        (fc_dst): Linear(in_features=300, out_features=512, bias=True)
        (feat_drop): Dropout(p=0.0, inplace=False)
        (attn_drop): Dropout(p=0, inplace=False)
        (leaky_relu): LeakyReLU(negative_slope=0.2)
      )
      (norm): LayerNorm()
      (dropout): Dropout(p=0.0, inplace=False)
    )
    (1): GraphAttnLayer(
      (graph): GATv2Conv(
        (fc_src): Linear(in_features=512, out_features=512, bias=True)
        (fc_dst): Linear(in_features=512, out_features=512, bias=True)
        (feat_drop): Dropout(p=0.0, inplace=False)
        (attn_drop): Dropout(p=0, inplace=False)
        (leaky_relu): LeakyReLU(negative_slope=0.2)
      )
      (norm): LayerNorm()
      (dropout): Dropout(p=0.0, inplace=False)
    )
  )
  (graphskip): ModuleList(
    (0): ShortCutLayer(
      (graph): Linear(in_features=300, out_features=512, bias=True)
      (norm): LayerNorm()
      (dropout): Dropout(p=0.0, inplace=False)
    )
    (1): ShortCutLayer(
      (graph): Linear(in_features=300, out_features=512, bias=True)
      (norm): LayerNorm()
      (dropout): Dropout(p=0.0, inplace=False)
    )
    (2): ShortCutLayer(
      (graph): Linear(in_features=512, out_features=512, bias=True)
      (norm): LayerNorm()
      (dropout): Dropout(p=0.0, inplace=False)
    )
  )
  (attn_layers): ModuleList(
    (0): MultiHeadedAttention(
      (query): Linear(in_features=512, out_features=512, bias=True)
      (key): Linear(in_features=512, out_features=512, bias=True)
      (value): Linear(in_features=512, out_features=512, bias=True)
      (dropout): Dropout(p=0.0, inplace=False)
      (softmax): Softmax(dim=-1)
    )
    (1): MultiHeadedAttention(
      (query): Linear(in_features=512, out_features=512, bias=True)
      (key): Linear(in_features=512, out_features=512, bias=True)
      (value): Linear(in_features=512, out_features=512, bias=True)
      (dropout): Dropout(p=0.0, inplace=False)
      (softmax): Softmax(dim=-1)
    )
  )
  (norm_layers): ModuleList(
    (0): LayerNorm()
    (1): LayerNorm()
  )
  (label_embed): Embedding(24, 300, padding_idx=23)
  (feat_mlp): Sequential(
    (0): Linear(in_features=730, out_features=512, bias=True)
    (1): LayerNorm()
    (2): ReLU()
    (3): Dropout(p=0.2, inplace=False)
    (4): Linear(in_features=512, out_features=300, bias=True)
  )
  (head): Sequential(
    (0): Linear(in_features=512, out_features=512, bias=True)
    (1): LayerNorm()
    (2): ReLU()
    (3): Dropout(p=0.2, inplace=False)
    (4): Linear(in_features=512, out_features=23, bias=True)
  )
  (label_dropout): Dropout(p=0.1, inplace=False)
  (feat_dropout): Dropout(p=0.05, inplace=False)
  (dropout): Dropout(p=0.2, inplace=False)
)
2021-12-14 10:39:46,445 - INFO: Model config = {'GNN_MODEL': 'unicmp', 'INPUT_SIZE': 300, 'NUM_LAYERS': 2, 'NUM_HEADS': 8, 'HIDDEN_SIZE': 512, 'NUM_CLASS': 23, 'LABEL_DROP': 0.1, 'FEAT_DORP': 0.05, 'GRAPH_DORP': 0.0, 'ATTN_DROP': 0.0, 'DROP': 0.2, 'USE_SAGE': True, 'USE_CONV': False, 'USE_ATTN': True, 'USE_RESNET': True, 'USE_DESNET': True, 'CHECKPOINT': ''}
2021-12-14 10:39:46,445 - INFO: Dataset config = {'SEED': 2021, 'DATA_PATH': '../dataset', 'DEEPWALK_PATH': 'czw_deep_walk2.npy', 'K_FOLD': 0, 'EPOCHS': 50, 'BATCH_SIZE': 1024, 'BIDIRECTED': True, 'LOG_STEP': 200, 'FANOUTS': [30, 30], 'NUM_CLASS': 23, 'REPLACE_LABEL': 0.04, 'MASK_LABEL': 0.16, 'EDGE_DROP': 0.2, 'NUM_WORKERS': 2, 'GRADIENT_ACCUMULATION_STEPS': 1, 'NORM_FEATURE': False, 'OUT_PATH': '../dgl_model/unicmp_gatv2/unicmp_split0', 'MODEL_PREFIX': 'unicmp_split', 'TEST_PREFIX': 'unicmp_split'}
2021-12-14 10:39:46,445 - INFO: Optimizer config = {'LEARNING_RATE': 0.0005, 'COEF_LR': 1.0, 'SCHEDULE': 'warmup_linear', 'WEIGHT_DECAY': 0.0001, 'WARMUP_PROPORTION': 0.1}
2021-12-14 10:39:46,445 - INFO: Criterion config = {'LOSS_TYPE': 'CL', 'NUM_CLASS': 23, 'GAMMA_NEG': 4, 'GAMMA_POS': 1, 'SMOOTHING': 0.1}
2021-12-14 10:39:46,445 - INFO: Training parameters = 7458627
2021-12-14 10:39:46,445 - INFO: Model parameters = 7458627
2021-12-14 10:39:46,445 - INFO: Num steps = 40800
Using backend: pytorch
2021-12-14 10:42:29,526 - INFO:   Epoch: 1/50, Step: 200/816, Lr: 0.000025, Loss: 1.599573, Acc: 0.534180, Time/step: 0.798675
2021-12-14 10:44:59,553 - INFO:   Epoch: 1/50, Step: 400/816, Lr: 0.000049, Loss: 1.522170, Acc: 0.544922, Time/step: 0.750122
2021-12-14 10:47:52,759 - INFO:   Epoch: 1/50, Step: 600/816, Lr: 0.000074, Loss: 1.418051, Acc: 0.572266, Time/step: 0.866025
2021-12-14 10:50:46,753 - INFO:   Epoch: 1/50, Step: 800/816, Lr: 0.000098, Loss: 1.443923, Acc: 0.570312, Time/step: 0.869971
2021-12-14 10:51:00,616 - INFO: Train Epoch 1/50 Finished | Train Loss: 1.651599 | Train Acc: 0.521198
2021-12-14 10:53:02,022 - INFO: Val Epoch 1/50 Finished | Val Loss: 1.314416 | Val Acc: 0.597665
2021-12-14 10:55:49,958 - INFO:   Epoch: 2/50, Step: 184/816, Lr: 0.000123, Loss: 1.299191, Acc: 0.598633, Time/step: 0.816103
2021-12-14 10:58:50,365 - INFO:   Epoch: 2/50, Step: 384/816, Lr: 0.000147, Loss: 1.370728, Acc: 0.588867, Time/step: 0.902029
2021-12-14 11:01:56,805 - INFO:   Epoch: 2/50, Step: 584/816, Lr: 0.000172, Loss: 1.367729, Acc: 0.598633, Time/step: 0.932198
2021-12-14 11:04:51,786 - INFO:   Epoch: 2/50, Step: 784/816, Lr: 0.000196, Loss: 1.396358, Acc: 0.589844, Time/step: 0.874900
2021-12-14 11:05:20,315 - INFO: Train Epoch 2/50 Finished | Train Loss: 1.375220 | Train Acc: 0.583646
2021-12-14 11:07:33,566 - INFO: Val Epoch 2/50 Finished | Val Loss: 1.271737 | Val Acc: 0.607525
2021-12-14 11:10:03,802 - INFO:   Epoch: 3/50, Step: 168/816, Lr: 0.000221, Loss: 1.383072, Acc: 0.572266, Time/step: 0.726571
2021-12-14 11:12:33,172 - INFO:   Epoch: 3/50, Step: 368/816, Lr: 0.000245, Loss: 1.371172, Acc: 0.581055, Time/step: 0.746846
2021-12-14 11:14:54,926 - INFO:   Epoch: 3/50, Step: 568/816, Lr: 0.000270, Loss: 1.379011, Acc: 0.587891, Time/step: 0.708766
2021-12-14 11:17:06,749 - INFO:   Epoch: 3/50, Step: 768/816, Lr: 0.000294, Loss: 1.262319, Acc: 0.608398, Time/step: 0.659116
2021-12-14 11:17:39,730 - INFO: Train Epoch 3/50 Finished | Train Loss: 1.325967 | Train Acc: 0.594172
2021-12-14 11:19:14,473 - INFO: Val Epoch 3/50 Finished | Val Loss: 1.253543 | Val Acc: 0.611571
2021-12-14 11:21:07,954 - INFO:   Epoch: 4/50, Step: 152/816, Lr: 0.000319, Loss: 1.283608, Acc: 0.598633, Time/step: 0.547871
2021-12-14 11:23:29,920 - INFO:   Epoch: 4/50, Step: 352/816, Lr: 0.000343, Loss: 1.272843, Acc: 0.590820, Time/step: 0.709828
2021-12-14 11:25:51,005 - INFO:   Epoch: 4/50, Step: 552/816, Lr: 0.000368, Loss: 1.340233, Acc: 0.595703, Time/step: 0.705420
2021-12-14 11:28:10,517 - INFO:   Epoch: 4/50, Step: 752/816, Lr: 0.000392, Loss: 1.315914, Acc: 0.596680, Time/step: 0.697557
2021-12-14 11:28:55,086 - INFO: Train Epoch 4/50 Finished | Train Loss: 1.298433 | Train Acc: 0.600854
2021-12-14 11:30:26,966 - INFO: Val Epoch 4/50 Finished | Val Loss: 1.231128 | Val Acc: 0.614072
2021-12-14 11:32:04,236 - INFO:   Epoch: 5/50, Step: 136/816, Lr: 0.000417, Loss: 1.272060, Acc: 0.607422, Time/step: 0.465835
2021-12-14 11:34:20,026 - INFO:   Epoch: 5/50, Step: 336/816, Lr: 0.000441, Loss: 1.260902, Acc: 0.604492, Time/step: 0.678949
2021-12-14 11:36:40,792 - INFO:   Epoch: 5/50, Step: 536/816, Lr: 0.000466, Loss: 1.324685, Acc: 0.586914, Time/step: 0.703829
2021-12-14 11:38:53,789 - INFO:   Epoch: 5/50, Step: 736/816, Lr: 0.000490, Loss: 1.294059, Acc: 0.595703, Time/step: 0.664983
2021-12-14 11:39:46,925 - INFO: Train Epoch 5/50 Finished | Train Loss: 1.281278 | Train Acc: 0.604192
2021-12-14 11:41:17,613 - INFO: Val Epoch 5/50 Finished | Val Loss: 1.239760 | Val Acc: 0.613351
2021-12-14 11:42:43,265 - INFO:   Epoch: 6/50, Step: 120/816, Lr: 0.000498, Loss: 1.234731, Acc: 0.627930, Time/step: 0.410787
2021-12-14 11:44:56,272 - INFO:   Epoch: 6/50, Step: 320/816, Lr: 0.000496, Loss: 1.233855, Acc: 0.619141, Time/step: 0.665033
2021-12-14 11:47:20,981 - INFO:   Epoch: 6/50, Step: 520/816, Lr: 0.000493, Loss: 1.287023, Acc: 0.610352, Time/step: 0.723542
2021-12-14 11:49:33,388 - INFO:   Epoch: 6/50, Step: 720/816, Lr: 0.000490, Loss: 1.327698, Acc: 0.589844, Time/step: 0.662035
2021-12-14 11:50:39,835 - INFO: Train Epoch 6/50 Finished | Train Loss: 1.264351 | Train Acc: 0.608317
2021-12-14 11:52:11,842 - INFO: Val Epoch 6/50 Finished | Val Loss: 1.216177 | Val Acc: 0.620648
2021-12-14 11:53:26,096 - INFO:   Epoch: 7/50, Step: 104/816, Lr: 0.000487, Loss: 1.189372, Acc: 0.618164, Time/step: 0.352972
2021-12-14 11:55:39,601 - INFO:   Epoch: 7/50, Step: 304/816, Lr: 0.000485, Loss: 1.285923, Acc: 0.625977, Time/step: 0.667520
2021-12-14 11:58:02,143 - INFO:   Epoch: 7/50, Step: 504/816, Lr: 0.000482, Loss: 1.188796, Acc: 0.631836, Time/step: 0.712674
2021-12-14 12:00:47,790 - INFO:   Epoch: 7/50, Step: 704/816, Lr: 0.000479, Loss: 1.347659, Acc: 0.583984, Time/step: 0.828231
2021-12-14 12:02:39,765 - INFO: Train Epoch 7/50 Finished | Train Loss: 1.246677 | Train Acc: 0.612562
2021-12-14 12:05:12,914 - INFO: Val Epoch 7/50 Finished | Val Loss: 1.208331 | Val Acc: 0.621806
2021-12-14 12:06:53,828 - INFO:   Epoch: 8/50, Step: 88/816, Lr: 0.000477, Loss: 1.152398, Acc: 0.624023, Time/step: 0.472902
2021-12-14 12:10:17,308 - INFO:   Epoch: 8/50, Step: 288/816, Lr: 0.000474, Loss: 1.291672, Acc: 0.605469, Time/step: 1.017394
2021-12-14 12:13:47,641 - INFO:   Epoch: 8/50, Step: 488/816, Lr: 0.000471, Loss: 1.293118, Acc: 0.601562, Time/step: 1.051664
2021-12-14 12:17:13,365 - INFO:   Epoch: 8/50, Step: 688/816, Lr: 0.000468, Loss: 1.236791, Acc: 0.626953, Time/step: 1.028587
2021-12-14 12:19:25,446 - INFO: Train Epoch 8/50 Finished | Train Loss: 1.232356 | Train Acc: 0.616216
2021-12-14 12:21:59,881 - INFO: Val Epoch 8/50 Finished | Val Loss: 1.201940 | Val Acc: 0.622845
2021-12-14 12:23:17,976 - INFO:   Epoch: 9/50, Step: 72/816, Lr: 0.000466, Loss: 1.212419, Acc: 0.609375, Time/step: 0.363719
2021-12-14 12:26:46,916 - INFO:   Epoch: 9/50, Step: 272/816, Lr: 0.000463, Loss: 1.228314, Acc: 0.624023, Time/step: 1.044696
2021-12-14 12:30:46,174 - INFO:   Epoch: 9/50, Step: 472/816, Lr: 0.000460, Loss: 1.277899, Acc: 0.605469, Time/step: 1.196287
2021-12-14 12:34:54,808 - INFO:   Epoch: 9/50, Step: 672/816, Lr: 0.000458, Loss: 1.276962, Acc: 0.595703, Time/step: 1.243091
2021-12-14 12:37:51,000 - INFO: Train Epoch 9/50 Finished | Train Loss: 1.219632 | Train Acc: 0.619480
2021-12-14 12:41:19,831 - INFO: Val Epoch 9/50 Finished | Val Loss: 1.200797 | Val Acc: 0.624509
2021-12-14 12:42:41,773 - INFO:   Epoch: 10/50, Step: 56/816, Lr: 0.000455, Loss: 1.165479, Acc: 0.625977, Time/step: 0.364705
2021-12-14 12:46:55,105 - INFO:   Epoch: 10/50, Step: 256/816, Lr: 0.000452, Loss: 1.189405, Acc: 0.624023, Time/step: 1.266653
2021-12-14 12:51:08,452 - INFO:   Epoch: 10/50, Step: 456/816, Lr: 0.000449, Loss: 1.257422, Acc: 0.604492, Time/step: 1.266733
2021-12-14 12:55:19,973 - INFO:   Epoch: 10/50, Step: 656/816, Lr: 0.000447, Loss: 1.159173, Acc: 0.625000, Time/step: 1.257603
2021-12-14 12:58:33,873 - INFO: Train Epoch 10/50 Finished | Train Loss: 1.207688 | Train Acc: 0.621802
2021-12-14 13:02:01,743 - INFO: Val Epoch 10/50 Finished | Val Loss: 1.187014 | Val Acc: 0.626834
2021-12-14 13:03:00,556 - INFO:   Epoch: 11/50, Step: 40/816, Lr: 0.000444, Loss: 1.211957, Acc: 0.624023, Time/step: 0.254044
2021-12-14 13:07:11,026 - INFO:   Epoch: 11/50, Step: 240/816, Lr: 0.000441, Loss: 1.226149, Acc: 0.627930, Time/step: 1.252347
2021-12-14 13:11:19,708 - INFO:   Epoch: 11/50, Step: 440/816, Lr: 0.000438, Loss: 1.126243, Acc: 0.658203, Time/step: 1.243352
2021-12-14 13:15:20,764 - INFO:   Epoch: 11/50, Step: 640/816, Lr: 0.000436, Loss: 1.248133, Acc: 0.595703, Time/step: 1.205277
2021-12-14 13:19:01,576 - INFO: Train Epoch 11/50 Finished | Train Loss: 1.197683 | Train Acc: 0.623745
2021-12-14 13:22:38,210 - INFO: Val Epoch 11/50 Finished | Val Loss: 1.189143 | Val Acc: 0.627303
2021-12-14 13:23:19,941 - INFO:   Epoch: 12/50, Step: 24/816, Lr: 0.000433, Loss: 1.155889, Acc: 0.638672, Time/step: 0.168428
2021-12-14 13:27:30,798 - INFO:   Epoch: 12/50, Step: 224/816, Lr: 0.000430, Loss: 1.201029, Acc: 0.627930, Time/step: 1.254280
2021-12-14 13:31:40,484 - INFO:   Epoch: 12/50, Step: 424/816, Lr: 0.000428, Loss: 1.211177, Acc: 0.628906, Time/step: 1.248422
2021-12-14 13:35:49,880 - INFO:   Epoch: 12/50, Step: 624/816, Lr: 0.000425, Loss: 1.249906, Acc: 0.624023, Time/step: 1.246835
2021-12-14 13:39:48,903 - INFO: Train Epoch 12/50 Finished | Train Loss: 1.187527 | Train Acc: 0.626480
2021-12-14 13:42:59,344 - INFO: Val Epoch 12/50 Finished | Val Loss: 1.184541 | Val Acc: 0.629466
2021-12-14 13:43:20,110 - INFO:   Epoch: 13/50, Step: 8/816, Lr: 0.000422, Loss: 1.128402, Acc: 0.618164, Time/step: 0.060194
2021-12-14 13:47:46,100 - INFO:   Epoch: 13/50, Step: 208/816, Lr: 0.000419, Loss: 1.113789, Acc: 0.660156, Time/step: 1.329885
2021-12-14 13:52:35,231 - INFO:   Epoch: 13/50, Step: 408/816, Lr: 0.000417, Loss: 1.157084, Acc: 0.633789, Time/step: 1.445652
2021-12-14 13:57:10,486 - INFO:   Epoch: 13/50, Step: 608/816, Lr: 0.000414, Loss: 1.123526, Acc: 0.644531, Time/step: 1.376241
2021-12-14 14:01:39,149 - INFO:   Epoch: 13/50, Step: 808/816, Lr: 0.000411, Loss: 1.169223, Acc: 0.639648, Time/step: 1.343309
2021-12-14 14:01:50,608 - INFO: Train Epoch 13/50 Finished | Train Loss: 1.177848 | Train Acc: 0.628608
2021-12-14 14:05:47,442 - INFO: Val Epoch 13/50 Finished | Val Loss: 1.185999 | Val Acc: 0.628674
2021-12-14 14:10:10,624 - INFO:   Epoch: 14/50, Step: 192/816, Lr: 0.000408, Loss: 1.111711, Acc: 0.655273, Time/step: 1.267426
2021-12-14 14:14:42,548 - INFO:   Epoch: 14/50, Step: 392/816, Lr: 0.000406, Loss: 1.170421, Acc: 0.655273, Time/step: 1.359617
2021-12-14 14:19:02,986 - INFO:   Epoch: 14/50, Step: 592/816, Lr: 0.000403, Loss: 1.166446, Acc: 0.611328, Time/step: 1.302179
2021-12-14 14:23:21,674 - INFO:   Epoch: 14/50, Step: 792/816, Lr: 0.000400, Loss: 1.156506, Acc: 0.625000, Time/step: 1.293431
2021-12-14 14:23:56,736 - INFO: Train Epoch 14/50 Finished | Train Loss: 1.168787 | Train Acc: 0.630877
2021-12-14 14:27:41,207 - INFO: Val Epoch 14/50 Finished | Val Loss: 1.183536 | Val Acc: 0.628575
2021-12-14 14:31:56,152 - INFO:   Epoch: 15/50, Step: 176/816, Lr: 0.000398, Loss: 1.168119, Acc: 0.635742, Time/step: 1.222947
2021-12-14 14:36:33,013 - INFO:   Epoch: 15/50, Step: 376/816, Lr: 0.000395, Loss: 1.078085, Acc: 0.660156, Time/step: 1.384304
2021-12-14 14:41:08,927 - INFO:   Epoch: 15/50, Step: 576/816, Lr: 0.000392, Loss: 1.129221, Acc: 0.651367, Time/step: 1.379447
2021-12-14 14:45:32,127 - INFO:   Epoch: 15/50, Step: 776/816, Lr: 0.000389, Loss: 1.173933, Acc: 0.603516, Time/step: 1.315996
2021-12-14 14:46:29,948 - INFO: Train Epoch 15/50 Finished | Train Loss: 1.159458 | Train Acc: 0.632635
2021-12-14 14:50:19,962 - INFO: Val Epoch 15/50 Finished | Val Loss: 1.187313 | Val Acc: 0.627927
2021-12-14 14:54:03,858 - INFO:   Epoch: 16/50, Step: 160/816, Lr: 0.000387, Loss: 1.075019, Acc: 0.650391, Time/step: 1.078935
2021-12-14 14:58:20,676 - INFO:   Epoch: 16/50, Step: 360/816, Lr: 0.000384, Loss: 1.138871, Acc: 0.669922, Time/step: 1.284085
2021-12-14 15:03:03,611 - INFO:   Epoch: 16/50, Step: 560/816, Lr: 0.000381, Loss: 1.190523, Acc: 0.623047, Time/step: 1.414674
2021-12-14 15:07:24,478 - INFO:   Epoch: 16/50, Step: 760/816, Lr: 0.000379, Loss: 1.167753, Acc: 0.645508, Time/step: 1.304332
2021-12-14 15:08:37,301 - INFO: Train Epoch 16/50 Finished | Train Loss: 1.150527 | Train Acc: 0.634654
2021-12-14 15:12:29,343 - INFO: Val Epoch 16/50 Finished | Val Loss: 1.180266 | Val Acc: 0.631005
2021-12-14 15:15:55,209 - INFO:   Epoch: 17/50, Step: 144/816, Lr: 0.000376, Loss: 1.106789, Acc: 0.656250, Time/step: 0.989275
2021-12-14 15:20:28,006 - INFO:   Epoch: 17/50, Step: 344/816, Lr: 0.000373, Loss: 1.133133, Acc: 0.617188, Time/step: 1.363985
2021-12-14 15:25:15,957 - INFO:   Epoch: 17/50, Step: 544/816, Lr: 0.000370, Loss: 1.099288, Acc: 0.635742, Time/step: 1.439755
2021-12-14 15:29:50,850 - INFO:   Epoch: 17/50, Step: 744/816, Lr: 0.000368, Loss: 1.199251, Acc: 0.635742, Time/step: 1.374433
2021-12-14 15:31:22,114 - INFO: Train Epoch 17/50 Finished | Train Loss: 1.141672 | Train Acc: 0.637003
2021-12-14 15:35:07,559 - INFO: Val Epoch 17/50 Finished | Val Loss: 1.180910 | Val Acc: 0.630484
2021-12-14 15:38:17,048 - INFO:   Epoch: 18/50, Step: 128/816, Lr: 0.000365, Loss: 1.157693, Acc: 0.642578, Time/step: 0.903680
2021-12-14 15:42:52,658 - INFO:   Epoch: 18/50, Step: 328/816, Lr: 0.000362, Loss: 1.079548, Acc: 0.665039, Time/step: 1.378049
2021-12-14 15:47:30,101 - INFO:   Epoch: 18/50, Step: 528/816, Lr: 0.000359, Loss: 1.071766, Acc: 0.665039, Time/step: 1.387156
2021-12-14 15:52:11,958 - INFO:   Epoch: 18/50, Step: 728/816, Lr: 0.000357, Loss: 1.182786, Acc: 0.632812, Time/step: 1.409284
2021-12-14 15:54:10,982 - INFO: Train Epoch 18/50 Finished | Train Loss: 1.132437 | Train Acc: 0.638818
2021-12-14 15:57:57,397 - INFO: Val Epoch 18/50 Finished | Val Loss: 1.186491 | Val Acc: 0.631520
2021-12-14 16:00:42,708 - INFO:   Epoch: 19/50, Step: 112/816, Lr: 0.000354, Loss: 1.146013, Acc: 0.622070, Time/step: 0.779803
2021-12-14 16:05:27,912 - INFO:   Epoch: 19/50, Step: 312/816, Lr: 0.000351, Loss: 1.127820, Acc: 0.637695, Time/step: 1.426017
2021-12-14 16:10:17,458 - INFO:   Epoch: 19/50, Step: 512/816, Lr: 0.000349, Loss: 1.177584, Acc: 0.626953, Time/step: 1.447725
2021-12-14 16:15:38,232 - INFO:   Epoch: 19/50, Step: 712/816, Lr: 0.000346, Loss: 1.110098, Acc: 0.651367, Time/step: 1.603845
2021-12-14 16:18:15,942 - INFO: Train Epoch 19/50 Finished | Train Loss: 1.123499 | Train Acc: 0.641112
2021-12-14 16:22:37,366 - INFO: Val Epoch 19/50 Finished | Val Loss: 1.183641 | Val Acc: 0.631292
2021-12-14 16:25:15,444 - INFO:   Epoch: 20/50, Step: 96/816, Lr: 0.000343, Loss: 1.141303, Acc: 0.652344, Time/step: 0.740554
2021-12-14 16:30:14,952 - INFO:   Epoch: 20/50, Step: 296/816, Lr: 0.000340, Loss: 1.054896, Acc: 0.651367, Time/step: 1.497538
2021-12-14 16:35:12,012 - INFO:   Epoch: 20/50, Step: 496/816, Lr: 0.000338, Loss: 1.146122, Acc: 0.625000, Time/step: 1.485284
2021-12-14 16:40:25,401 - INFO:   Epoch: 20/50, Step: 696/816, Lr: 0.000335, Loss: 1.092182, Acc: 0.656250, Time/step: 1.566942
2021-12-14 16:43:17,638 - INFO: Train Epoch 20/50 Finished | Train Loss: 1.114861 | Train Acc: 0.643451
2021-12-14 16:46:37,892 - INFO: Val Epoch 20/50 Finished | Val Loss: 1.186765 | Val Acc: 0.633172
2021-12-14 16:48:15,512 - INFO:   Epoch: 21/50, Step: 80/816, Lr: 0.000332, Loss: 1.105164, Acc: 0.623047, Time/step: 0.453521
2021-12-14 16:51:50,103 - INFO:   Epoch: 21/50, Step: 280/816, Lr: 0.000330, Loss: 1.062250, Acc: 0.668945, Time/step: 1.072951
2021-12-14 16:55:52,444 - INFO:   Epoch: 21/50, Step: 480/816, Lr: 0.000327, Loss: 1.066145, Acc: 0.660156, Time/step: 1.211704
2021-12-14 17:00:15,182 - INFO:   Epoch: 21/50, Step: 680/816, Lr: 0.000324, Loss: 1.052077, Acc: 0.662109, Time/step: 1.313634
2021-12-14 17:02:56,133 - INFO: Train Epoch 21/50 Finished | Train Loss: 1.105785 | Train Acc: 0.645132
2021-12-14 17:05:41,048 - INFO: Val Epoch 21/50 Finished | Val Loss: 1.181366 | Val Acc: 0.632320
2021-12-14 17:06:57,449 - INFO:   Epoch: 22/50, Step: 64/816, Lr: 0.000321, Loss: 0.998417, Acc: 0.659180, Time/step: 0.350437
2021-12-14 17:10:27,805 - INFO:   Epoch: 22/50, Step: 264/816, Lr: 0.000319, Loss: 1.092268, Acc: 0.651367, Time/step: 1.051767
2021-12-14 17:13:55,214 - INFO:   Epoch: 22/50, Step: 464/816, Lr: 0.000316, Loss: 1.054351, Acc: 0.643555, Time/step: 1.037045
2021-12-14 17:17:40,782 - INFO:   Epoch: 22/50, Step: 664/816, Lr: 0.000313, Loss: 1.067824, Acc: 0.649414, Time/step: 1.127835
2021-12-14 17:20:26,353 - INFO: Train Epoch 22/50 Finished | Train Loss: 1.097403 | Train Acc: 0.647261
2021-12-14 17:23:09,986 - INFO: Val Epoch 22/50 Finished | Val Loss: 1.190420 | Val Acc: 0.631503
2021-12-14 17:24:05,249 - INFO:   Epoch: 23/50, Step: 48/816, Lr: 0.000310, Loss: 1.070633, Acc: 0.671875, Time/step: 0.248228
2021-12-14 17:27:31,853 - INFO:   Epoch: 23/50, Step: 248/816, Lr: 0.000308, Loss: 1.021398, Acc: 0.677734, Time/step: 1.033019
2021-12-14 17:31:00,906 - INFO:   Epoch: 23/50, Step: 448/816, Lr: 0.000305, Loss: 1.056078, Acc: 0.667969, Time/step: 1.045229
2021-12-14 17:34:49,597 - INFO:   Epoch: 23/50, Step: 648/816, Lr: 0.000302, Loss: 1.118098, Acc: 0.636719, Time/step: 1.143434
2021-12-14 17:37:46,678 - INFO: Train Epoch 23/50 Finished | Train Loss: 1.089318 | Train Acc: 0.649255
2021-12-14 17:40:20,093 - INFO: Val Epoch 23/50 Finished | Val Loss: 1.186856 | Val Acc: 0.632434
2021-12-14 17:40:57,597 - INFO:   Epoch: 24/50, Step: 32/816, Lr: 0.000300, Loss: 1.120551, Acc: 0.652344, Time/step: 0.164908
2021-12-14 17:44:12,460 - INFO:   Epoch: 24/50, Step: 232/816, Lr: 0.000297, Loss: 1.087943, Acc: 0.645508, Time/step: 0.974302
2021-12-14 17:47:14,042 - INFO:   Epoch: 24/50, Step: 432/816, Lr: 0.000294, Loss: 1.061495, Acc: 0.653320, Time/step: 0.907906
2021-12-14 17:50:25,255 - INFO:   Epoch: 24/50, Step: 632/816, Lr: 0.000291, Loss: 1.036045, Acc: 0.677734, Time/step: 0.956065
2021-12-14 17:53:24,147 - INFO: Train Epoch 24/50 Finished | Train Loss: 1.080837 | Train Acc: 0.651080
2021-12-14 17:55:54,491 - INFO: Val Epoch 24/50 Finished | Val Loss: 1.194818 | Val Acc: 0.631727
2021-12-14 17:56:16,961 - INFO:   Epoch: 25/50, Step: 16/816, Lr: 0.000289, Loss: 1.059344, Acc: 0.656250, Time/step: 0.087759
2021-12-14 17:59:27,490 - INFO:   Epoch: 25/50, Step: 216/816, Lr: 0.000286, Loss: 1.039995, Acc: 0.665039, Time/step: 0.952640
2021-12-14 18:02:32,659 - INFO:   Epoch: 25/50, Step: 416/816, Lr: 0.000283, Loss: 1.044459, Acc: 0.668945, Time/step: 0.925841
2021-12-14 18:05:44,581 - INFO:   Epoch: 25/50, Step: 616/816, Lr: 0.000281, Loss: 1.012554, Acc: 0.677734, Time/step: 0.959613
2021-12-14 18:08:47,573 - INFO:   Epoch: 25/50, Step: 816/816, Lr: 0.000278, Loss: 1.105825, Acc: 0.662933, Time/step: 0.914892
2021-12-14 18:08:48,409 - INFO: Train Epoch 25/50 Finished | Train Loss: 1.072334 | Train Acc: 0.653406
2021-12-14 18:11:06,149 - INFO: Val Epoch 25/50 Finished | Val Loss: 1.192445 | Val Acc: 0.633390
2021-12-14 18:14:14,549 - INFO:   Epoch: 26/50, Step: 200/816, Lr: 0.000275, Loss: 1.045146, Acc: 0.669922, Time/step: 0.911361
2021-12-14 18:17:21,370 - INFO:   Epoch: 26/50, Step: 400/816, Lr: 0.000272, Loss: 1.067670, Acc: 0.657227, Time/step: 0.934100
2021-12-14 18:20:31,213 - INFO:   Epoch: 26/50, Step: 600/816, Lr: 0.000270, Loss: 1.024092, Acc: 0.668945, Time/step: 0.949217
2021-12-14 18:23:39,118 - INFO:   Epoch: 26/50, Step: 800/816, Lr: 0.000267, Loss: 1.066088, Acc: 0.655273, Time/step: 0.939522
2021-12-14 18:23:54,853 - INFO: Train Epoch 26/50 Finished | Train Loss: 1.062042 | Train Acc: 0.655219
2021-12-14 18:26:07,444 - INFO: Val Epoch 26/50 Finished | Val Loss: 1.195643 | Val Acc: 0.632676
2021-12-14 18:28:59,811 - INFO:   Epoch: 27/50, Step: 184/816, Lr: 0.000264, Loss: 1.042435, Acc: 0.646484, Time/step: 0.836902
2021-12-14 18:32:07,619 - INFO:   Epoch: 27/50, Step: 384/816, Lr: 0.000261, Loss: 1.047593, Acc: 0.666992, Time/step: 0.939040
2021-12-14 18:35:21,069 - INFO:   Epoch: 27/50, Step: 584/816, Lr: 0.000259, Loss: 1.067594, Acc: 0.661133, Time/step: 0.967247
2021-12-14 18:38:24,864 - INFO:   Epoch: 27/50, Step: 784/816, Lr: 0.000256, Loss: 1.072315, Acc: 0.659180, Time/step: 0.918969
2021-12-14 18:38:57,201 - INFO: Train Epoch 27/50 Finished | Train Loss: 1.053618 | Train Acc: 0.657046
2021-12-14 18:41:21,403 - INFO: Val Epoch 27/50 Finished | Val Loss: 1.196172 | Val Acc: 0.633824
2021-12-14 18:44:22,728 - INFO:   Epoch: 28/50, Step: 168/816, Lr: 0.000253, Loss: 1.032003, Acc: 0.659180, Time/step: 0.879446
2021-12-14 18:48:18,556 - INFO:   Epoch: 28/50, Step: 368/816, Lr: 0.000251, Loss: 1.096959, Acc: 0.639648, Time/step: 1.179139
2021-12-14 18:52:10,804 - INFO:   Epoch: 28/50, Step: 568/816, Lr: 0.000248, Loss: 1.028178, Acc: 0.657227, Time/step: 1.160824
2021-12-14 18:55:41,670 - INFO:   Epoch: 28/50, Step: 768/816, Lr: 0.000245, Loss: 1.064859, Acc: 0.657227, Time/step: 1.054312
2021-12-14 18:56:32,309 - INFO: Train Epoch 28/50 Finished | Train Loss: 1.043958 | Train Acc: 0.659846
2021-12-14 18:59:06,290 - INFO: Val Epoch 28/50 Finished | Val Loss: 1.204605 | Val Acc: 0.633393
2021-12-14 19:02:37,073 - INFO:   Epoch: 29/50, Step: 152/816, Lr: 0.000242, Loss: 1.013041, Acc: 0.670898, Time/step: 1.015561
2021-12-14 19:06:19,489 - INFO:   Epoch: 29/50, Step: 352/816, Lr: 0.000240, Loss: 1.121976, Acc: 0.624023, Time/step: 1.112078
2021-12-14 19:10:08,405 - INFO:   Epoch: 29/50, Step: 552/816, Lr: 0.000237, Loss: 0.988262, Acc: 0.670898, Time/step: 1.144576
2021-12-14 19:14:25,128 - INFO:   Epoch: 29/50, Step: 752/816, Lr: 0.000234, Loss: 1.053800, Acc: 0.658203, Time/step: 1.283615
2021-12-14 19:15:29,536 - INFO: Train Epoch 29/50 Finished | Train Loss: 1.034887 | Train Acc: 0.661816
2021-12-14 19:18:20,727 - INFO: Val Epoch 29/50 Finished | Val Loss: 1.208559 | Val Acc: 0.632627
2021-12-14 19:21:08,896 - INFO:   Epoch: 30/50, Step: 136/816, Lr: 0.000231, Loss: 1.086635, Acc: 0.654297, Time/step: 0.810946
2021-12-14 19:24:45,263 - INFO:   Epoch: 30/50, Step: 336/816, Lr: 0.000229, Loss: 0.960997, Acc: 0.680664, Time/step: 1.081832
2021-12-14 19:28:13,077 - INFO:   Epoch: 30/50, Step: 536/816, Lr: 0.000226, Loss: 1.087552, Acc: 0.657227, Time/step: 1.039069
2021-12-14 19:31:30,086 - INFO:   Epoch: 30/50, Step: 736/816, Lr: 0.000223, Loss: 1.059311, Acc: 0.653320, Time/step: 0.984887
2021-12-14 19:32:49,259 - INFO: Train Epoch 30/50 Finished | Train Loss: 1.026909 | Train Acc: 0.663974
2021-12-14 19:36:11,727 - INFO: Val Epoch 30/50 Finished | Val Loss: 1.214459 | Val Acc: 0.633298
