################ Graph info: ###############
Graph(num_nodes=3655452, num_edges=32824102,
      ndata_schemes={}
      edata_schemes={})
################ Label info: ################
Total labels (including not labeled): 3655452
               Training label number: 835533
             Validation label number: 208884
                   Test label number: 592391
################ Feature info: ###############
Node's feature shape:torch.Size([3655452, 300])
Walk's feature shape:torch.Size([3655452, 128])
Edge's feature shape:torch.Size([3655452, 2])
2021-12-14 20:13:41,248 - INFO: Model = UniCMP(
  (graphsage): ModuleList(
    (0): GraphSageLayer(
      (graph): SAGEConv(
        (feat_drop): Dropout(p=0.0, inplace=False)
        (lstm): LSTM(300, 300, batch_first=True)
        (fc_self): Linear(in_features=300, out_features=512, bias=False)
        (fc_neigh): Linear(in_features=300, out_features=512, bias=False)
      )
      (norm): LayerNorm()
      (dropout): Dropout(p=0.0, inplace=False)
    )
    (1): GraphSageLayer(
      (graph): SAGEConv(
        (feat_drop): Dropout(p=0.0, inplace=False)
        (lstm): LSTM(512, 512, batch_first=True)
        (fc_self): Linear(in_features=512, out_features=512, bias=False)
        (fc_neigh): Linear(in_features=512, out_features=512, bias=False)
      )
      (norm): LayerNorm()
      (dropout): Dropout(p=0.0, inplace=False)
    )
  )
  (graphattn): ModuleList(
    (0): GraphAttnLayer(
      (graph): GATv2Conv(
        (fc_src): Linear(in_features=300, out_features=512, bias=True)
        (fc_dst): Linear(in_features=300, out_features=512, bias=True)
        (feat_drop): Dropout(p=0.0, inplace=False)
        (attn_drop): Dropout(p=0, inplace=False)
        (leaky_relu): LeakyReLU(negative_slope=0.2)
      )
      (norm): LayerNorm()
      (dropout): Dropout(p=0.0, inplace=False)
    )
    (1): GraphAttnLayer(
      (graph): GATv2Conv(
        (fc_src): Linear(in_features=512, out_features=512, bias=True)
        (fc_dst): Linear(in_features=512, out_features=512, bias=True)
        (feat_drop): Dropout(p=0.0, inplace=False)
        (attn_drop): Dropout(p=0, inplace=False)
        (leaky_relu): LeakyReLU(negative_slope=0.2)
      )
      (norm): LayerNorm()
      (dropout): Dropout(p=0.0, inplace=False)
    )
  )
  (graphskip): ModuleList(
    (0): ShortCutLayer(
      (graph): Linear(in_features=300, out_features=512, bias=True)
      (norm): LayerNorm()
      (dropout): Dropout(p=0.0, inplace=False)
    )
    (1): ShortCutLayer(
      (graph): Linear(in_features=300, out_features=512, bias=True)
      (norm): LayerNorm()
      (dropout): Dropout(p=0.0, inplace=False)
    )
    (2): ShortCutLayer(
      (graph): Linear(in_features=512, out_features=512, bias=True)
      (norm): LayerNorm()
      (dropout): Dropout(p=0.0, inplace=False)
    )
  )
  (attn_layers): ModuleList(
    (0): MultiHeadedAttention(
      (query): Linear(in_features=512, out_features=512, bias=True)
      (key): Linear(in_features=512, out_features=512, bias=True)
      (value): Linear(in_features=512, out_features=512, bias=True)
      (dropout): Dropout(p=0.0, inplace=False)
      (softmax): Softmax(dim=-1)
    )
    (1): MultiHeadedAttention(
      (query): Linear(in_features=512, out_features=512, bias=True)
      (key): Linear(in_features=512, out_features=512, bias=True)
      (value): Linear(in_features=512, out_features=512, bias=True)
      (dropout): Dropout(p=0.0, inplace=False)
      (softmax): Softmax(dim=-1)
    )
  )
  (norm_layers): ModuleList(
    (0): LayerNorm()
    (1): LayerNorm()
  )
  (label_embed): Embedding(24, 300, padding_idx=23)
  (feat_mlp): Sequential(
    (0): Linear(in_features=738, out_features=512, bias=True)
    (1): LayerNorm()
    (2): ReLU()
    (3): Dropout(p=0.2, inplace=False)
    (4): Linear(in_features=512, out_features=300, bias=True)
  )
  (head): Sequential(
    (0): Linear(in_features=512, out_features=512, bias=True)
    (1): LayerNorm()
    (2): ReLU()
    (3): Dropout(p=0.2, inplace=False)
    (4): Linear(in_features=512, out_features=23, bias=True)
  )
  (label_dropout): Dropout(p=0.1, inplace=False)
  (feat_dropout): Dropout(p=0.05, inplace=False)
  (dropout): Dropout(p=0.2, inplace=False)
)
2021-12-14 20:13:41,249 - INFO: Model config = {'GNN_MODEL': 'unicmp', 'INPUT_SIZE': 300, 'NUM_LAYERS': 2, 'NUM_HEADS': 8, 'HIDDEN_SIZE': 512, 'NUM_CLASS': 23, 'LABEL_DROP': 0.1, 'FEAT_DORP': 0.05, 'GRAPH_DORP': 0.0, 'ATTN_DROP': 0.0, 'DROP': 0.2, 'USE_SAGE': True, 'USE_CONV': False, 'USE_ATTN': True, 'USE_RESNET': True, 'USE_DESNET': True, 'CHECKPOINT': ''}
2021-12-14 20:13:41,249 - INFO: Dataset config = {'SEED': 2021, 'DATA_PATH': '../dataset', 'DEEPWALK_PATH': 'czw_deep_walk2.npy', 'NEIGHBOR_FEATURES_PATH': 'features_neigh01.npy', 'K_FOLD': 2, 'EPOCHS': 50, 'BATCH_SIZE': 1024, 'BIDIRECTED': False, 'LOG_STEP': 200, 'SAMPLER': 'in_out', 'FANOUTS': [30, 30], 'IN_FANOUTS': [15, 15], 'OUT_FANOUTS': [15, 15], 'NUM_CLASS': 23, 'REPLACE_LABEL': 0.04, 'MASK_LABEL': 0.16, 'EDGE_DROP': 0.2, 'NUM_WORKERS': 2, 'GRADIENT_ACCUMULATION_STEPS': 1, 'NORM_FEATURE': False, 'OUT_PATH': '../dgl_model/unicmp_in_out_v2/unicmp_split2', 'MODEL_PREFIX': 'unicmp_int_out', 'TEST_PREFIX': 'unicmp_gatv1'}
2021-12-14 20:13:41,249 - INFO: Optimizer config = {'LEARNING_RATE': 0.0005, 'COEF_LR': 1.0, 'SCHEDULE': 'warmup_linear', 'WEIGHT_DECAY': 0.0001, 'WARMUP_PROPORTION': 0.1}
2021-12-14 20:13:41,249 - INFO: Criterion config = {'LOSS_TYPE': 'CL', 'NUM_CLASS': 23, 'GAMMA_NEG': 4, 'GAMMA_POS': 1, 'SMOOTHING': 0.1}
2021-12-14 20:13:41,250 - INFO: Training parameters = 7462723
2021-12-14 20:13:41,250 - INFO: Model parameters = 7462723
2021-12-14 20:13:41,250 - INFO: Num steps = 40800
Using backend: pytorch
2021-12-14 20:15:57,715 - INFO:   Epoch: 1/50, Step: 200/816, Lr: 0.000025, Loss: 1.759864, Acc: 0.490234, Time/step: 0.667685
2021-12-14 20:18:05,516 - INFO:   Epoch: 1/50, Step: 400/816, Lr: 0.000049, Loss: 1.562400, Acc: 0.528320, Time/step: 0.639001
2021-12-14 20:20:28,167 - INFO:   Epoch: 1/50, Step: 600/816, Lr: 0.000074, Loss: 1.437332, Acc: 0.586914, Time/step: 0.713255
2021-12-14 20:23:05,854 - INFO:   Epoch: 1/50, Step: 800/816, Lr: 0.000098, Loss: 1.491012, Acc: 0.560547, Time/step: 0.788430
2021-12-14 20:23:16,961 - INFO: Train Epoch 1/50 Finished | Train Loss: 1.659443 | Train Acc: 0.518241
2021-12-14 20:24:55,058 - INFO: Val Epoch 1/50 Finished | Val Loss: 1.337524 | Val Acc: 0.592951
2021-12-14 20:27:04,134 - INFO:   Epoch: 2/50, Step: 184/816, Lr: 0.000123, Loss: 1.434309, Acc: 0.549805, Time/step: 0.629923
2021-12-14 20:29:22,899 - INFO:   Epoch: 2/50, Step: 384/816, Lr: 0.000147, Loss: 1.357011, Acc: 0.603516, Time/step: 0.693823
2021-12-14 20:31:40,045 - INFO:   Epoch: 2/50, Step: 584/816, Lr: 0.000172, Loss: 1.306657, Acc: 0.596680, Time/step: 0.685731
2021-12-14 20:33:59,449 - INFO:   Epoch: 2/50, Step: 784/816, Lr: 0.000196, Loss: 1.342977, Acc: 0.579102, Time/step: 0.697014
2021-12-14 20:34:21,362 - INFO: Train Epoch 2/50 Finished | Train Loss: 1.380869 | Train Acc: 0.581320
2021-12-14 20:36:10,784 - INFO: Val Epoch 2/50 Finished | Val Loss: 1.281295 | Val Acc: 0.604953
2021-12-14 20:38:17,500 - INFO:   Epoch: 3/50, Step: 168/816, Lr: 0.000221, Loss: 1.354770, Acc: 0.578125, Time/step: 0.615028
2021-12-14 20:40:40,373 - INFO:   Epoch: 3/50, Step: 368/816, Lr: 0.000245, Loss: 1.386167, Acc: 0.588867, Time/step: 0.714361
2021-12-14 20:43:14,238 - INFO:   Epoch: 3/50, Step: 568/816, Lr: 0.000270, Loss: 1.333056, Acc: 0.607422, Time/step: 0.769324
2021-12-14 20:45:36,646 - INFO:   Epoch: 3/50, Step: 768/816, Lr: 0.000294, Loss: 1.332816, Acc: 0.607422, Time/step: 0.712038
2021-12-14 20:46:10,096 - INFO: Train Epoch 3/50 Finished | Train Loss: 1.325631 | Train Acc: 0.593741
2021-12-14 20:48:03,722 - INFO: Val Epoch 3/50 Finished | Val Loss: 1.254097 | Val Acc: 0.609725
2021-12-14 20:49:58,654 - INFO:   Epoch: 4/50, Step: 152/816, Lr: 0.000319, Loss: 1.383564, Acc: 0.601562, Time/step: 0.557723
2021-12-14 20:52:23,801 - INFO:   Epoch: 4/50, Step: 352/816, Lr: 0.000343, Loss: 1.393634, Acc: 0.561523, Time/step: 0.725730
2021-12-14 20:54:50,665 - INFO:   Epoch: 4/50, Step: 552/816, Lr: 0.000368, Loss: 1.356664, Acc: 0.588867, Time/step: 0.734319
2021-12-14 20:57:15,213 - INFO:   Epoch: 4/50, Step: 752/816, Lr: 0.000392, Loss: 1.329556, Acc: 0.600586, Time/step: 0.722734
2021-12-14 20:57:59,942 - INFO: Train Epoch 4/50 Finished | Train Loss: 1.297849 | Train Acc: 0.600275
2021-12-14 20:59:49,065 - INFO: Val Epoch 4/50 Finished | Val Loss: 1.241034 | Val Acc: 0.612756
2021-12-14 21:01:34,697 - INFO:   Epoch: 5/50, Step: 136/816, Lr: 0.000417, Loss: 1.191911, Acc: 0.639648, Time/step: 0.511493
2021-12-14 21:04:13,226 - INFO:   Epoch: 5/50, Step: 336/816, Lr: 0.000441, Loss: 1.324672, Acc: 0.579102, Time/step: 0.792644
2021-12-14 21:06:43,377 - INFO:   Epoch: 5/50, Step: 536/816, Lr: 0.000466, Loss: 1.315498, Acc: 0.602539, Time/step: 0.750750
2021-12-14 21:09:13,433 - INFO:   Epoch: 5/50, Step: 736/816, Lr: 0.000490, Loss: 1.259416, Acc: 0.612305, Time/step: 0.750280
2021-12-14 21:10:00,693 - INFO: Train Epoch 5/50 Finished | Train Loss: 1.278914 | Train Acc: 0.605119
2021-12-14 21:11:31,122 - INFO: Val Epoch 5/50 Finished | Val Loss: 1.232602 | Val Acc: 0.615049
2021-12-14 21:12:49,166 - INFO:   Epoch: 6/50, Step: 120/816, Lr: 0.000498, Loss: 1.316644, Acc: 0.606445, Time/step: 0.374200
2021-12-14 21:14:44,171 - INFO:   Epoch: 6/50, Step: 320/816, Lr: 0.000496, Loss: 1.168674, Acc: 0.625000, Time/step: 0.575021
2021-12-14 21:16:37,886 - INFO:   Epoch: 6/50, Step: 520/816, Lr: 0.000493, Loss: 1.270735, Acc: 0.587891, Time/step: 0.568575
2021-12-14 21:18:32,787 - INFO:   Epoch: 6/50, Step: 720/816, Lr: 0.000490, Loss: 1.302728, Acc: 0.606445, Time/step: 0.574499
2021-12-14 21:19:27,197 - INFO: Train Epoch 6/50 Finished | Train Loss: 1.263490 | Train Acc: 0.608702
2021-12-14 21:20:51,546 - INFO: Val Epoch 6/50 Finished | Val Loss: 1.211429 | Val Acc: 0.619319
2021-12-14 21:21:54,970 - INFO:   Epoch: 7/50, Step: 104/816, Lr: 0.000487, Loss: 1.183015, Acc: 0.624023, Time/step: 0.303438
2021-12-14 21:23:47,462 - INFO:   Epoch: 7/50, Step: 304/816, Lr: 0.000485, Loss: 1.277633, Acc: 0.611328, Time/step: 0.562456
2021-12-14 21:25:41,115 - INFO:   Epoch: 7/50, Step: 504/816, Lr: 0.000482, Loss: 1.148311, Acc: 0.631836, Time/step: 0.568268
2021-12-14 21:27:30,828 - INFO:   Epoch: 7/50, Step: 704/816, Lr: 0.000479, Loss: 1.280117, Acc: 0.606445, Time/step: 0.548559
2021-12-14 21:28:32,495 - INFO: Train Epoch 7/50 Finished | Train Loss: 1.244739 | Train Acc: 0.613233
2021-12-14 21:29:47,990 - INFO: Val Epoch 7/50 Finished | Val Loss: 1.207165 | Val Acc: 0.621542
2021-12-14 21:30:40,666 - INFO:   Epoch: 8/50, Step: 88/816, Lr: 0.000477, Loss: 1.260123, Acc: 0.606445, Time/step: 0.249288
2021-12-14 21:32:29,962 - INFO:   Epoch: 8/50, Step: 288/816, Lr: 0.000474, Loss: 1.175559, Acc: 0.644531, Time/step: 0.546476
2021-12-14 21:34:20,369 - INFO:   Epoch: 8/50, Step: 488/816, Lr: 0.000471, Loss: 1.268497, Acc: 0.613281, Time/step: 0.552034
2021-12-14 21:36:11,262 - INFO:   Epoch: 8/50, Step: 688/816, Lr: 0.000468, Loss: 1.233788, Acc: 0.622070, Time/step: 0.554464
2021-12-14 21:37:23,820 - INFO: Train Epoch 8/50 Finished | Train Loss: 1.230803 | Train Acc: 0.616550
2021-12-14 21:38:42,703 - INFO: Val Epoch 8/50 Finished | Val Loss: 1.208204 | Val Acc: 0.622833
2021-12-14 21:39:26,491 - INFO:   Epoch: 9/50, Step: 72/816, Lr: 0.000466, Loss: 1.178480, Acc: 0.630859, Time/step: 0.206125
2021-12-14 21:41:17,322 - INFO:   Epoch: 9/50, Step: 272/816, Lr: 0.000463, Loss: 1.202648, Acc: 0.615234, Time/step: 0.554150
2021-12-14 21:43:09,903 - INFO:   Epoch: 9/50, Step: 472/816, Lr: 0.000460, Loss: 1.186452, Acc: 0.621094, Time/step: 0.562903
2021-12-14 21:45:01,035 - INFO:   Epoch: 9/50, Step: 672/816, Lr: 0.000458, Loss: 1.209748, Acc: 0.613281, Time/step: 0.555657
2021-12-14 21:46:21,274 - INFO: Train Epoch 9/50 Finished | Train Loss: 1.217434 | Train Acc: 0.619515
2021-12-14 21:47:43,187 - INFO: Val Epoch 9/50 Finished | Val Loss: 1.197086 | Val Acc: 0.623665
2021-12-14 21:48:19,136 - INFO:   Epoch: 10/50, Step: 56/816, Lr: 0.000455, Loss: 1.235175, Acc: 0.620117, Time/step: 0.167681
2021-12-14 21:50:10,019 - INFO:   Epoch: 10/50, Step: 256/816, Lr: 0.000452, Loss: 1.192551, Acc: 0.634766, Time/step: 0.554414
2021-12-14 21:51:57,223 - INFO:   Epoch: 10/50, Step: 456/816, Lr: 0.000449, Loss: 1.156067, Acc: 0.637695, Time/step: 0.536015
2021-12-14 21:53:46,605 - INFO:   Epoch: 10/50, Step: 656/816, Lr: 0.000447, Loss: 1.223973, Acc: 0.624023, Time/step: 0.546909
2021-12-14 21:55:13,706 - INFO: Train Epoch 10/50 Finished | Train Loss: 1.206881 | Train Acc: 0.622082
2021-12-14 21:56:31,531 - INFO: Val Epoch 10/50 Finished | Val Loss: 1.195472 | Val Acc: 0.623791
2021-12-14 21:56:57,777 - INFO:   Epoch: 11/50, Step: 40/816, Lr: 0.000444, Loss: 1.168982, Acc: 0.641602, Time/step: 0.119993
2021-12-14 21:58:51,758 - INFO:   Epoch: 11/50, Step: 240/816, Lr: 0.000441, Loss: 1.170920, Acc: 0.633789, Time/step: 0.569900
2021-12-14 22:00:40,914 - INFO:   Epoch: 11/50, Step: 440/816, Lr: 0.000438, Loss: 1.184717, Acc: 0.639648, Time/step: 0.545780
2021-12-14 22:02:30,287 - INFO:   Epoch: 11/50, Step: 640/816, Lr: 0.000436, Loss: 1.237753, Acc: 0.607422, Time/step: 0.546860
2021-12-14 22:04:20,200 - INFO: Train Epoch 11/50 Finished | Train Loss: 1.195077 | Train Acc: 0.625286
2021-12-14 22:05:49,777 - INFO: Val Epoch 11/50 Finished | Val Loss: 1.187557 | Val Acc: 0.626731
2021-12-14 22:06:10,561 - INFO:   Epoch: 12/50, Step: 24/816, Lr: 0.000433, Loss: 1.196506, Acc: 0.597656, Time/step: 0.091003
2021-12-14 22:08:23,635 - INFO:   Epoch: 12/50, Step: 224/816, Lr: 0.000430, Loss: 1.189486, Acc: 0.616211, Time/step: 0.665370
2021-12-14 22:10:34,525 - INFO:   Epoch: 12/50, Step: 424/816, Lr: 0.000428, Loss: 1.176000, Acc: 0.625977, Time/step: 0.654449
2021-12-14 22:12:43,776 - INFO:   Epoch: 12/50, Step: 624/816, Lr: 0.000425, Loss: 1.193318, Acc: 0.628906, Time/step: 0.646250
2021-12-14 22:14:45,374 - INFO: Train Epoch 12/50 Finished | Train Loss: 1.185648 | Train Acc: 0.626944
2021-12-14 22:16:14,743 - INFO: Val Epoch 12/50 Finished | Val Loss: 1.190780 | Val Acc: 0.627515
2021-12-14 22:16:23,964 - INFO:   Epoch: 13/50, Step: 8/816, Lr: 0.000422, Loss: 1.178086, Acc: 0.624023, Time/step: 0.034221
2021-12-14 22:18:32,166 - INFO:   Epoch: 13/50, Step: 208/816, Lr: 0.000419, Loss: 1.214766, Acc: 0.616211, Time/step: 0.641009
2021-12-14 22:20:43,091 - INFO:   Epoch: 13/50, Step: 408/816, Lr: 0.000417, Loss: 1.174124, Acc: 0.634766, Time/step: 0.654622
2021-12-14 22:22:51,418 - INFO:   Epoch: 13/50, Step: 608/816, Lr: 0.000414, Loss: 1.230357, Acc: 0.602539, Time/step: 0.641632
2021-12-14 22:24:58,934 - INFO:   Epoch: 13/50, Step: 808/816, Lr: 0.000411, Loss: 1.184157, Acc: 0.628906, Time/step: 0.637577
2021-12-14 22:25:04,226 - INFO: Train Epoch 13/50 Finished | Train Loss: 1.175731 | Train Acc: 0.629385
2021-12-14 22:26:32,270 - INFO: Val Epoch 13/50 Finished | Val Loss: 1.191728 | Val Acc: 0.627748
2021-12-14 22:28:40,839 - INFO:   Epoch: 14/50, Step: 192/816, Lr: 0.000408, Loss: 1.219590, Acc: 0.613281, Time/step: 0.627690
2021-12-14 22:30:46,604 - INFO:   Epoch: 14/50, Step: 392/816, Lr: 0.000406, Loss: 1.138514, Acc: 0.649414, Time/step: 0.628821
2021-12-14 22:32:53,537 - INFO:   Epoch: 14/50, Step: 592/816, Lr: 0.000403, Loss: 1.154617, Acc: 0.634766, Time/step: 0.634666
2021-12-14 22:35:01,276 - INFO:   Epoch: 14/50, Step: 792/816, Lr: 0.000400, Loss: 1.125079, Acc: 0.635742, Time/step: 0.638689
2021-12-14 22:35:16,629 - INFO: Train Epoch 14/50 Finished | Train Loss: 1.167162 | Train Acc: 0.631584
2021-12-14 22:36:44,347 - INFO: Val Epoch 14/50 Finished | Val Loss: 1.187478 | Val Acc: 0.628413
2021-12-14 22:38:37,087 - INFO:   Epoch: 15/50, Step: 176/816, Lr: 0.000398, Loss: 1.138626, Acc: 0.645508, Time/step: 0.552532
2021-12-14 22:40:31,483 - INFO:   Epoch: 15/50, Step: 376/816, Lr: 0.000395, Loss: 1.163910, Acc: 0.612305, Time/step: 0.571975
2021-12-14 22:42:32,768 - INFO:   Epoch: 15/50, Step: 576/816, Lr: 0.000392, Loss: 1.185959, Acc: 0.628906, Time/step: 0.606426
2021-12-14 22:44:35,287 - INFO:   Epoch: 15/50, Step: 776/816, Lr: 0.000389, Loss: 1.155005, Acc: 0.645508, Time/step: 0.612592
2021-12-14 22:45:00,791 - INFO: Train Epoch 15/50 Finished | Train Loss: 1.157229 | Train Acc: 0.633437
2021-12-14 22:46:29,200 - INFO: Val Epoch 15/50 Finished | Val Loss: 1.184660 | Val Acc: 0.628928
2021-12-14 22:48:11,923 - INFO:   Epoch: 16/50, Step: 160/816, Lr: 0.000387, Loss: 1.184155, Acc: 0.630859, Time/step: 0.498185
2021-12-14 22:50:08,606 - INFO:   Epoch: 16/50, Step: 360/816, Lr: 0.000384, Loss: 1.152140, Acc: 0.625000, Time/step: 0.583416
2021-12-14 22:52:02,384 - INFO:   Epoch: 16/50, Step: 560/816, Lr: 0.000381, Loss: 1.148923, Acc: 0.634766, Time/step: 0.568884
2021-12-14 22:53:56,931 - INFO:   Epoch: 16/50, Step: 760/816, Lr: 0.000379, Loss: 1.155379, Acc: 0.646484, Time/step: 0.572736
2021-12-14 22:54:29,427 - INFO: Train Epoch 16/50 Finished | Train Loss: 1.148144 | Train Acc: 0.635887
2021-12-14 22:55:49,042 - INFO: Val Epoch 16/50 Finished | Val Loss: 1.180120 | Val Acc: 0.631784
2021-12-14 22:57:15,016 - INFO:   Epoch: 17/50, Step: 144/816, Lr: 0.000376, Loss: 1.191440, Acc: 0.629883, Time/step: 0.418013
2021-12-14 22:59:08,133 - INFO:   Epoch: 17/50, Step: 344/816, Lr: 0.000373, Loss: 1.122212, Acc: 0.634766, Time/step: 0.565582
2021-12-14 23:00:57,762 - INFO:   Epoch: 17/50, Step: 544/816, Lr: 0.000370, Loss: 1.173489, Acc: 0.623047, Time/step: 0.548140
